<?xml version="1.0" encoding="UTF-8"?>
<!-- Generated by org.testng.reporters.JUnitXMLReporter -->
<testsuite ignored="0" hostname="LAP0341.local" failures="0" tests="3" name="Pixel_2" time="15.967" errors="0" timestamp="2022-05-17T14:19:05 UYT">
  <testcase classname="com.qa.tests.LoginTests" name="invalidPassword" time="3.932"/>
  <testcase classname="com.qa.tests.LoginTests" name="invalidUserName" time="2.463"/>
  <testcase classname="com.qa.tests.LoginTests" name="successfulLogin" time="3.053"/>
</testsuite> <!-- Pixel_2 -->
