<?xml version="1.0" encoding="UTF-8"?>
<!-- Generated by org.testng.reporters.JUnitXMLReporter -->
<testsuite hostname="LAP1180" ignored="0" name="Pixel_2" tests="3" failures="0" timestamp="2022-05-10T13:10:26 UYT" time="21.507" errors="0">
  <testcase name="invalidPassword" time="3.39" classname="com.qa.tests.LoginTests"/>
  <testcase name="invalidUserName" time="2.448" classname="com.qa.tests.LoginTests"/>
  <testcase name="successfulLogin" time="3.577" classname="com.qa.tests.LoginTests"/>
</testsuite> <!-- Pixel_2 -->
