<?xml version="1.0" encoding="UTF-8"?>
<!-- Generated by org.testng.reporters.JUnitXMLReporter -->
<testsuite ignored="0" hostname="DESKTOP-0743KQF" failures="0" tests="3" name="Pixel_2" time="37.196" errors="0" timestamp="2022-05-17T22:17:43 UYT">
  <testcase classname="com.qa.tests.LoginTests" name="invalidPassword" time="8.144"/>
  <testcase classname="com.qa.tests.LoginTests" name="invalidUserName" time="2.658"/>
  <testcase classname="com.qa.tests.LoginTests" name="successfulLogin" time="6.003"/>
</testsuite> <!-- Pixel_2 -->
