<?xml version="1.0" encoding="UTF-8"?>
<!-- Generated by org.testng.reporters.JUnitXMLReporter -->
<testsuite ignored="0" hostname="LAP1180" failures="0" tests="3" name="Pixel_2" time="30.02" errors="0" timestamp="2022-05-19T13:16:59 UYT">
  <testcase classname="com.qa.tests.LoginTests" name="invalidPassword" time="5.905"/>
  <testcase classname="com.qa.tests.LoginTests" name="invalidUserName" time="2.629"/>
  <testcase classname="com.qa.tests.LoginTests" name="successfulLogin" time="4.138"/>
</testsuite> <!-- Pixel_2 -->
