<?xml version="1.0" encoding="UTF-8"?>
<!-- Generated by org.testng.reporters.JUnitXMLReporter -->
<testsuite ignored="0" hostname="LAP0341.local" failures="0" tests="3" name="Pixel_2" time="22.172" errors="0" timestamp="2022-05-30T21:06:40 UYT">
  <testcase classname="com.qa.tests.LoginTests" name="invalidPassword" time="5.535"/>
  <testcase classname="com.qa.tests.LoginTests" name="invalidUserName" time="2.047"/>
  <testcase classname="com.qa.tests.LoginTests" name="successfulLogin" time="3.265"/>
</testsuite> <!-- Pixel_2 -->
