<?xml version="1.0" encoding="UTF-8"?>
<!-- Generated by org.testng.reporters.JUnitXMLReporter -->
<testsuite ignored="0" hostname="LAP1180" failures="0" tests="3" name="Pixel_2" time="21.646" errors="0" timestamp="2022-05-12T15:21:03 UYT">
  <testcase classname="com.qa.tests.LoginTests" name="invalidPassword" time="3.311"/>
  <testcase classname="com.qa.tests.LoginTests" name="invalidUserName" time="2.519"/>
  <testcase classname="com.qa.tests.LoginTests" name="successfulLogin" time="3.147"/>
</testsuite> <!-- Pixel_2 -->
