<?xml version="1.0" encoding="UTF-8"?>
<!-- Generated by org.testng.reporters.JUnitXMLReporter -->
<testsuite hostname="LAP1180" ignored="0" name="Pixel_2" tests="3" failures="0" timestamp="2022-05-09T16:39:54 UYT" time="23.284" errors="0">
  <testcase name="invalidPassword" time="4.434" classname="com.qa.tests.LoginTests"/>
  <testcase name="invalidUserName" time="2.447" classname="com.qa.tests.LoginTests"/>
  <testcase name="successfulLogin" time="3.546" classname="com.qa.tests.LoginTests"/>
</testsuite> <!-- Pixel_2 -->
