<?xml version="1.0" encoding="UTF-8"?>
<!-- Generated by org.testng.reporters.JUnitXMLReporter -->
<testsuite ignored="0" hostname="LAP1180" failures="0" tests="3" name="Pixel_2" time="22.779" errors="0" timestamp="2022-05-12T13:59:51 UYT">
  <testcase classname="com.qa.tests.LoginTests" name="invalidPassword" time="4.028"/>
  <testcase classname="com.qa.tests.LoginTests" name="invalidUserName" time="2.328"/>
  <testcase classname="com.qa.tests.LoginTests" name="successfulLogin" time="3.136"/>
</testsuite> <!-- Pixel_2 -->
