<?xml version="1.0" encoding="UTF-8"?>
<!-- Generated by org.testng.reporters.JUnitXMLReporter -->
<testsuite ignored="0" hostname="LAP0341.local" failures="0" tests="3" name="Pixel_2" time="15.04" errors="0" timestamp="2022-05-17T15:49:33 UYT">
  <testcase classname="com.qa.tests.LoginTests" name="invalidPassword" time="2.839"/>
  <testcase classname="com.qa.tests.LoginTests" name="invalidUserName" time="2.51"/>
  <testcase classname="com.qa.tests.LoginTests" name="successfulLogin" time="3.067"/>
</testsuite> <!-- Pixel_2 -->
