<?xml version="1.0" encoding="UTF-8"?>
<!-- Generated by org.testng.reporters.JUnitXMLReporter -->
<testsuite hostname="LAP1180" ignored="0" name="Pixel_2" tests="3" failures="0" timestamp="2022-05-11T14:46:10 UYT" time="81.031" errors="0">
  <testcase name="invalidPassword" time="4.683" classname="com.qa.tests.LoginTests"/>
  <testcase name="invalidUserName" time="2.828" classname="com.qa.tests.LoginTests"/>
  <testcase name="successfulLogin" time="5.115" classname="com.qa.tests.LoginTests"/>
</testsuite> <!-- Pixel_2 -->
