<?xml version="1.0" encoding="UTF-8"?>
<!-- Generated by org.testng.reporters.JUnitXMLReporter -->
<testsuite ignored="0" hostname="LAP1180" failures="0" tests="3" name="Test_clara_real" time="95.387" errors="0" timestamp="2022-05-20T12:24:29 UYT">
  <testcase classname="com.qa.tests.LoginTests" name="invalidPassword" time="6.43"/>
  <testcase classname="com.qa.tests.LoginTests" name="invalidUserName" time="5.02"/>
  <testcase classname="com.qa.tests.LoginTests" name="successfulLogin" time="6.653"/>
</testsuite> <!-- Test_clara_real -->
