<?xml version="1.0" encoding="UTF-8"?>
<!-- Generated by org.testng.reporters.JUnitXMLReporter -->
<testsuite ignored="0" hostname="LAP1180" failures="1" tests="2" name="Test_clara" time="35.694" errors="0" timestamp="2022-05-24T16:51:20 UYT">
  <testcase classname="com.qa.tests.ProductTest" name="validateProductOnProductDetails" time="4.716"/>
  <testcase classname="com.qa.tests.ProductTest" name="validateProductOnProductPage" time="1.324">
    <failure type="java.lang.AssertionError" message="The following asserts failed:
	expected [Sauce Labs Backpack] but found [Sauce Labs BackpackTest falla]">
      <![CDATA[java.lang.AssertionError: The following asserts failed:
expected [Sauce Labs Backpack] but found [Sauce Labs BackpackTest falla]
at com.qa.tests.ProductTest.validateProductOnProductPage(ProductTest.java:110)
at java.base/java.util.ArrayList.forEach(ArrayList.java:1541)
at java.base/java.util.concurrent.FutureTask.run(FutureTask.java:264)
at java.base/java.util.concurrent.ThreadPoolExecutor.runWorker(ThreadPoolExecutor.java:1128)
at java.base/java.util.concurrent.ThreadPoolExecutor$Worker.run(ThreadPoolExecutor.java:628)
at java.base/java.lang.Thread.run(Thread.java:829)
... Removed 20 stack frames]]>
    </failure>
  </testcase> <!-- validateProductOnProductPage -->
</testsuite> <!-- Test_clara -->
