<?xml version="1.0" encoding="UTF-8"?>
<!-- Generated by org.testng.reporters.JUnitXMLReporter -->
<testsuite ignored="4" hostname="LAP1180" failures="0" tests="6" name="Test_clara" time="62.787" errors="0" timestamp="2022-05-23T16:40:51 UYT">
  <testcase classname="com.qa.tests.LoginTests" name="invalidPassword" time="4.126"/>
  <testcase classname="com.qa.tests.LoginTests" name="invalidUserName" time="3.598"/>
  <testcase classname="com.qa.tests.LoginTests" name="successfulLogin" time="4.232"/>
  <testcase classname="com.qa.tests.LogoutTest" name="successfulLogout" time="3.597"/>
  <testcase classname="com.qa.tests.ProductTest" name="validateProductOnProductDetails" time="2.615"/>
  <testcase classname="com.qa.tests.ProductTest" name="validateProductOnProductPage" time="1.212"/>
  <testcase classname="com.qa.BaseTest" name="@AfterTest afterTest" time="0.0">
    <ignored/>
  </testcase> <!-- @AfterTest afterTest -->
  <testcase classname="com.qa.BaseTest" name="@AfterTest afterTest" time="0.0">
    <ignored/>
  </testcase> <!-- @AfterTest afterTest -->
  <testcase classname="com.qa.BaseTest" name="@BeforeTest beforeTest" time="0.0">
    <ignored/>
  </testcase> <!-- @BeforeTest beforeTest -->
  <testcase classname="com.qa.BaseTest" name="@BeforeTest beforeTest" time="0.0">
    <ignored/>
  </testcase> <!-- @BeforeTest beforeTest -->
</testsuite> <!-- Test_clara -->
