<?xml version="1.0" encoding="UTF-8"?>
<!-- Generated by org.testng.reporters.JUnitXMLReporter -->
<testsuite ignored="2" hostname="LAP1180" failures="0" tests="4" name="Test_clara" time="28.528" errors="0" timestamp="2022-05-20T17:35:00 UYT">
  <testcase classname="com.qa.tests.LoginTests" name="invalidPassword" time="4.391"/>
  <testcase classname="com.qa.tests.LoginTests" name="invalidUserName" time="3.506"/>
  <testcase classname="com.qa.tests.LoginTests" name="successfulLogin" time="4.125"/>
  <testcase classname="com.qa.tests.LogoutTest" name="successfulLogout" time="3.555"/>
  <testcase classname="com.qa.BaseTest" name="@AfterTest afterTest" time="0.0">
    <ignored/>
  </testcase> <!-- @AfterTest afterTest -->
  <testcase classname="com.qa.BaseTest" name="@BeforeTest beforeTest" time="0.0">
    <ignored/>
  </testcase> <!-- @BeforeTest beforeTest -->
</testsuite> <!-- Test_clara -->
