<?xml version="1.0" encoding="UTF-8"?>
<!-- Generated by org.testng.reporters.JUnitXMLReporter -->
<testsuite ignored="4" hostname="LAP1180" failures="1" tests="6" name="Test_clara" time="71.664" errors="0" timestamp="2022-05-26T11:55:20 UYT">
  <testcase classname="com.qa.tests.LoginTests" name="invalidPassword" time="3.976"/>
  <testcase classname="com.qa.tests.LoginTests" name="invalidUserName" time="3.164"/>
  <testcase classname="com.qa.tests.LoginTests" name="successfulLogin" time="4.334"/>
  <testcase classname="com.qa.tests.LogoutTest" name="successfulLogout" time="3.629"/>
  <testcase classname="com.qa.tests.ProductTest" name="validateProductOnProductDetails" time="5.434"/>
  <testcase classname="com.qa.tests.ProductTest" name="validateProductOnProductPage" time="1.31">
    <failure type="java.lang.AssertionError" message="The following asserts failed:
	expected [Sauce Labs Backpack] but found [Sauce Labs BackpackTest falla]">
      <![CDATA[java.lang.AssertionError: The following asserts failed:
expected [Sauce Labs Backpack] but found [Sauce Labs BackpackTest falla]
at com.qa.tests.ProductTest.validateProductOnProductPage(ProductTest.java:110)
at java.base/java.util.ArrayList.forEach(ArrayList.java:1541)
at java.base/java.util.concurrent.FutureTask.run(FutureTask.java:264)
at java.base/java.util.concurrent.ThreadPoolExecutor.runWorker(ThreadPoolExecutor.java:1128)
at java.base/java.util.concurrent.ThreadPoolExecutor$Worker.run(ThreadPoolExecutor.java:628)
at java.base/java.lang.Thread.run(Thread.java:829)
... Removed 20 stack frames]]>
    </failure>
  </testcase> <!-- validateProductOnProductPage -->
  <testcase classname="com.qa.BaseTest" name="@AfterTest afterTest" time="0.0">
    <ignored/>
  </testcase> <!-- @AfterTest afterTest -->
  <testcase classname="com.qa.BaseTest" name="@AfterTest afterTest" time="0.0">
    <ignored/>
  </testcase> <!-- @AfterTest afterTest -->
  <testcase classname="com.qa.BaseTest" name="@BeforeTest beforeTest" time="0.0">
    <ignored/>
  </testcase> <!-- @BeforeTest beforeTest -->
  <testcase classname="com.qa.BaseTest" name="@BeforeTest beforeTest" time="0.0">
    <ignored/>
  </testcase> <!-- @BeforeTest beforeTest -->
</testsuite> <!-- Test_clara -->
