<?xml version="1.0" encoding="UTF-8"?>
<!-- Generated by org.testng.reporters.JUnitXMLReporter -->
<testsuite ignored="0" hostname="LAP1180" failures="0" tests="3" name="Test_clara" time="71.995" errors="0" timestamp="2022-05-20T11:04:18 UYT">
  <testcase classname="com.qa.tests.LoginTests" name="invalidPassword" time="7.531"/>
  <testcase classname="com.qa.tests.LoginTests" name="invalidUserName" time="4.684"/>
  <testcase classname="com.qa.tests.LoginTests" name="successfulLogin" time="11.263"/>
</testsuite> <!-- Test_clara -->
