<?xml version="1.0" encoding="UTF-8"?>
<testng-results ignored="4" total="10" passed="6" failed="0" skipped="0">
  <reporter-output>
  </reporter-output>
  <suite started-at="2022-05-23T16:39:48 UYT" name="Suite" finished-at="2022-05-23T16:40:51 UYT" duration-ms="62787">
    <groups>
    </groups>
    <test started-at="2022-05-23T16:39:48 UYT" name="Test_clara" finished-at="2022-05-23T16:40:51 UYT" duration-ms="62787">
      <class name="com.qa.tests.LogoutTest">
        <test-method is-config="true" signature="beforeClass()[pri:0, instance:com.qa.tests.LogoutTest@61037caf]" started-at="2022-05-23T16:40:27 UYT" name="beforeClass" finished-at="2022-05-23T16:40:27 UYT" duration-ms="0" status="PASS">
          <reporter-output>
          </reporter-output>
        </test-method> <!-- beforeClass -->
        <test-method is-config="true" signature="beforeMethod(java.lang.reflect.Method)[pri:0, instance:com.qa.tests.LogoutTest@61037caf]" started-at="2022-05-23T16:40:27 UYT" name="beforeMethod" finished-at="2022-05-23T16:40:27 UYT" duration-ms="0" status="PASS">
          <params>
            <param index="0">
              <value>
                <![CDATA[public void com.qa.tests.LogoutTest.successfulLogout()]]>
              </value>
            </param>
          </params>
          <reporter-output>
          </reporter-output>
        </test-method> <!-- beforeMethod -->
        <test-method signature="successfulLogout()[pri:0, instance:com.qa.tests.LogoutTest@61037caf]" started-at="2022-05-23T16:40:27 UYT" name="successfulLogout" finished-at="2022-05-23T16:40:30 UYT" duration-ms="3597" status="PASS">
          <reporter-output>
          </reporter-output>
        </test-method> <!-- successfulLogout -->
        <test-method is-config="true" signature="afterMethod()[pri:0, instance:com.qa.tests.LogoutTest@61037caf]" started-at="2022-05-23T16:40:30 UYT" name="afterMethod" finished-at="2022-05-23T16:40:30 UYT" duration-ms="1" status="PASS">
          <reporter-output>
          </reporter-output>
        </test-method> <!-- afterMethod -->
        <test-method is-config="true" signature="afterClass()[pri:0, instance:com.qa.tests.LogoutTest@61037caf]" started-at="2022-05-23T16:40:30 UYT" name="afterClass" finished-at="2022-05-23T16:40:30 UYT" duration-ms="0" status="PASS">
          <reporter-output>
          </reporter-output>
        </test-method> <!-- afterClass -->
      </class> <!-- com.qa.tests.LogoutTest -->
      <class name="com.qa.tests.LoginTests">
        <test-method is-config="true" signature="beforeTest(java.lang.String,java.lang.String,java.lang.String,java.lang.String,java.lang.String,java.lang.String,java.lang.String)[pri:0, instance:com.qa.tests.LoginTests@423ed3b5]" started-at="2022-05-23T16:39:48 UYT" name="beforeTest" finished-at="2022-05-23T16:40:12 UYT" duration-ms="23189" status="PASS">
          <params>
            <param index="0">
              <value>
                <![CDATA[Android]]>
              </value>
            </param>
            <param index="1">
              <value>
                <![CDATA[emulator-5554]]>
              </value>
            </param>
            <param index="2">
              <value>
                <![CDATA[pixel_3]]>
              </value>
            </param>
            <param index="3">
              <value>
                <![CDATA[AndroidCurso]]>
              </value>
            </param>
            <param index="4">
              <value>
                <![CDATA[true]]>
              </value>
            </param>
            <param index="5">
              <value>
                <![CDATA[]]>
              </value>
            </param>
            <param index="6">
              <value>
                <![CDATA[]]>
              </value>
            </param>
          </params>
          <reporter-output>
          </reporter-output>
        </test-method> <!-- beforeTest -->
        <test-method is-config="true" signature="beforeClass()[pri:0, instance:com.qa.tests.LoginTests@423ed3b5]" started-at="2022-05-23T16:40:12 UYT" name="beforeClass" finished-at="2022-05-23T16:40:14 UYT" duration-ms="2897" status="PASS">
          <reporter-output>
          </reporter-output>
        </test-method> <!-- beforeClass -->
        <test-method is-config="true" signature="beforeMethod(java.lang.reflect.Method)[pri:0, instance:com.qa.tests.LoginTests@423ed3b5]" started-at="2022-05-23T16:40:14 UYT" name="beforeMethod" finished-at="2022-05-23T16:40:15 UYT" duration-ms="191" status="PASS">
          <params>
            <param index="0">
              <value>
                <![CDATA[public void com.qa.tests.LoginTests.invalidPassword()]]>
              </value>
            </param>
          </params>
          <reporter-output>
          </reporter-output>
        </test-method> <!-- beforeMethod -->
        <test-method signature="invalidPassword()[pri:0, instance:com.qa.tests.LoginTests@423ed3b5]" started-at="2022-05-23T16:40:15 UYT" name="invalidPassword" finished-at="2022-05-23T16:40:19 UYT" duration-ms="4126" status="PASS">
          <reporter-output>
          </reporter-output>
        </test-method> <!-- invalidPassword -->
        <test-method is-config="true" signature="afterMethod()[pri:0, instance:com.qa.tests.LoginTests@423ed3b5]" started-at="2022-05-23T16:40:19 UYT" name="afterMethod" finished-at="2022-05-23T16:40:19 UYT" duration-ms="0" status="PASS">
          <reporter-output>
          </reporter-output>
        </test-method> <!-- afterMethod -->
        <test-method is-config="true" signature="beforeMethod(java.lang.reflect.Method)[pri:0, instance:com.qa.tests.LoginTests@423ed3b5]" started-at="2022-05-23T16:40:19 UYT" name="beforeMethod" finished-at="2022-05-23T16:40:19 UYT" duration-ms="1" status="PASS">
          <params>
            <param index="0">
              <value>
                <![CDATA[public void com.qa.tests.LoginTests.invalidUserName()]]>
              </value>
            </param>
          </params>
          <reporter-output>
          </reporter-output>
        </test-method> <!-- beforeMethod -->
        <test-method signature="invalidUserName()[pri:0, instance:com.qa.tests.LoginTests@423ed3b5]" started-at="2022-05-23T16:40:19 UYT" name="invalidUserName" finished-at="2022-05-23T16:40:22 UYT" duration-ms="3598" status="PASS">
          <reporter-output>
          </reporter-output>
        </test-method> <!-- invalidUserName -->
        <test-method is-config="true" signature="afterMethod()[pri:0, instance:com.qa.tests.LoginTests@423ed3b5]" started-at="2022-05-23T16:40:22 UYT" name="afterMethod" finished-at="2022-05-23T16:40:22 UYT" duration-ms="0" status="PASS">
          <reporter-output>
          </reporter-output>
        </test-method> <!-- afterMethod -->
        <test-method is-config="true" signature="beforeMethod(java.lang.reflect.Method)[pri:0, instance:com.qa.tests.LoginTests@423ed3b5]" started-at="2022-05-23T16:40:22 UYT" name="beforeMethod" finished-at="2022-05-23T16:40:22 UYT" duration-ms="1" status="PASS">
          <params>
            <param index="0">
              <value>
                <![CDATA[public void com.qa.tests.LoginTests.successfulLogin()]]>
              </value>
            </param>
          </params>
          <reporter-output>
          </reporter-output>
        </test-method> <!-- beforeMethod -->
        <test-method signature="successfulLogin()[pri:0, instance:com.qa.tests.LoginTests@423ed3b5]" started-at="2022-05-23T16:40:22 UYT" name="successfulLogin" finished-at="2022-05-23T16:40:27 UYT" duration-ms="4232" status="PASS">
          <reporter-output>
          </reporter-output>
        </test-method> <!-- successfulLogin -->
        <test-method is-config="true" signature="afterClass()[pri:0, instance:com.qa.tests.LoginTests@423ed3b5]" started-at="2022-05-23T16:40:27 UYT" name="afterClass" finished-at="2022-05-23T16:40:27 UYT" duration-ms="0" status="PASS">
          <reporter-output>
          </reporter-output>
        </test-method> <!-- afterClass -->
        <test-method is-config="true" signature="afterMethod()[pri:0, instance:com.qa.tests.LoginTests@423ed3b5]" started-at="2022-05-23T16:40:27 UYT" name="afterMethod" finished-at="2022-05-23T16:40:27 UYT" duration-ms="0" status="PASS">
          <reporter-output>
          </reporter-output>
        </test-method> <!-- afterMethod -->
        <test-method is-config="true" signature="afterTest()[pri:0, instance:com.qa.tests.LoginTests@423ed3b5]" started-at="2022-05-23T16:40:50 UYT" name="afterTest" finished-at="2022-05-23T16:40:51 UYT" duration-ms="917" status="PASS">
          <reporter-output>
          </reporter-output>
        </test-method> <!-- afterTest -->
      </class> <!-- com.qa.tests.LoginTests -->
      <class name="com.qa.tests.ProductTest">
        <test-method is-config="true" signature="beforeClass()[pri:0, instance:com.qa.tests.ProductTest@3b41e1bf]" started-at="2022-05-23T16:40:30 UYT" name="beforeClass" finished-at="2022-05-23T16:40:33 UYT" duration-ms="2792" status="PASS">
          <reporter-output>
          </reporter-output>
        </test-method> <!-- beforeClass -->
        <test-method is-config="true" signature="beforeMethod(java.lang.reflect.Method)[pri:0, instance:com.qa.tests.ProductTest@3b41e1bf]" started-at="2022-05-23T16:40:33 UYT" name="beforeMethod" finished-at="2022-05-23T16:40:37 UYT" duration-ms="4410" status="PASS">
          <params>
            <param index="0">
              <value>
                <![CDATA[public void com.qa.tests.ProductTest.validateProductOnProductDetails()]]>
              </value>
            </param>
          </params>
          <reporter-output>
          </reporter-output>
        </test-method> <!-- beforeMethod -->
        <test-method signature="validateProductOnProductDetails()[pri:0, instance:com.qa.tests.ProductTest@3b41e1bf]" started-at="2022-05-23T16:40:37 UYT" name="validateProductOnProductDetails" finished-at="2022-05-23T16:40:40 UYT" duration-ms="2615" status="PASS">
          <reporter-output>
          </reporter-output>
        </test-method> <!-- validateProductOnProductDetails -->
        <test-method is-config="true" signature="afterMethod()[pri:0, instance:com.qa.tests.ProductTest@3b41e1bf]" started-at="2022-05-23T16:40:40 UYT" name="afterMethod" finished-at="2022-05-23T16:40:43 UYT" duration-ms="2634" status="PASS">
          <reporter-output>
          </reporter-output>
        </test-method> <!-- afterMethod -->
        <test-method is-config="true" signature="beforeMethod(java.lang.reflect.Method)[pri:0, instance:com.qa.tests.ProductTest@3b41e1bf]" started-at="2022-05-23T16:40:43 UYT" name="beforeMethod" finished-at="2022-05-23T16:40:47 UYT" duration-ms="4518" status="PASS">
          <params>
            <param index="0">
              <value>
                <![CDATA[public void com.qa.tests.ProductTest.validateProductOnProductPage()]]>
              </value>
            </param>
          </params>
          <reporter-output>
          </reporter-output>
        </test-method> <!-- beforeMethod -->
        <test-method signature="validateProductOnProductPage()[pri:0, instance:com.qa.tests.ProductTest@3b41e1bf]" started-at="2022-05-23T16:40:47 UYT" name="validateProductOnProductPage" finished-at="2022-05-23T16:40:48 UYT" duration-ms="1212" status="PASS">
          <reporter-output>
          </reporter-output>
        </test-method> <!-- validateProductOnProductPage -->
        <test-method is-config="true" signature="afterMethod()[pri:0, instance:com.qa.tests.ProductTest@3b41e1bf]" started-at="2022-05-23T16:40:48 UYT" name="afterMethod" finished-at="2022-05-23T16:40:50 UYT" duration-ms="1801" status="PASS">
          <reporter-output>
          </reporter-output>
        </test-method> <!-- afterMethod -->
        <test-method is-config="true" signature="afterClass()[pri:0, instance:com.qa.tests.ProductTest@3b41e1bf]" started-at="2022-05-23T16:40:50 UYT" name="afterClass" finished-at="2022-05-23T16:40:50 UYT" duration-ms="1" status="PASS">
          <reporter-output>
          </reporter-output>
        </test-method> <!-- afterClass -->
      </class> <!-- com.qa.tests.ProductTest -->
    </test> <!-- Test_clara -->
  </suite> <!-- Suite -->
</testng-results>
