<?xml version="1.0" encoding="UTF-8"?>
<testng-results ignored="0" total="2" passed="1" failed="1" skipped="0">
  <reporter-output>
    <line>
      <![CDATA[This is the sample screeshot]]>
    </line>
    <line>
      <![CDATA[<a href='C:\Users\clara.brizuela\Documents\Automation\Appium-TDDFramework\Screenshots\Android_pixel_3_\2022-05-24-16-50-45\ProductTest\validateProductOnProductPage.png'> <img src='C:\Users\clara.brizuela\Documents\Automation\Appium-TDDFramework\Screenshots\Android_pixel_3_\2022-05-24-16-50-45\ProductTest\validateProductOnProductPage.png' height='400' width='400'/> </a>]]>
    </line>
  </reporter-output>
  <suite started-at="2022-05-24T16:50:45 UYT" name="Suite" finished-at="2022-05-24T16:51:20 UYT" duration-ms="35694">
    <groups>
    </groups>
    <test started-at="2022-05-24T16:50:45 UYT" name="Test_clara" finished-at="2022-05-24T16:51:20 UYT" duration-ms="35694">
      <class name="com.qa.tests.ProductTest">
        <test-method is-config="true" signature="beforeTest(java.lang.String,java.lang.String,java.lang.String,java.lang.String,java.lang.String,java.lang.String,java.lang.String)[pri:0, instance:com.qa.tests.ProductTest@76b1e9b8]" started-at="2022-05-24T16:50:45 UYT" name="beforeTest" finished-at="2022-05-24T16:50:56 UYT" duration-ms="11818" status="PASS">
          <params>
            <param index="0">
              <value>
                <![CDATA[Android]]>
              </value>
            </param>
            <param index="1">
              <value>
                <![CDATA[emulator-5554]]>
              </value>
            </param>
            <param index="2">
              <value>
                <![CDATA[pixel_3]]>
              </value>
            </param>
            <param index="3">
              <value>
                <![CDATA[AndroidCurso]]>
              </value>
            </param>
            <param index="4">
              <value>
                <![CDATA[true]]>
              </value>
            </param>
            <param index="5">
              <value>
                <![CDATA[]]>
              </value>
            </param>
            <param index="6">
              <value>
                <![CDATA[]]>
              </value>
            </param>
          </params>
          <reporter-output>
          </reporter-output>
        </test-method> <!-- beforeTest -->
        <test-method is-config="true" signature="beforeClass()[pri:0, instance:com.qa.tests.ProductTest@76b1e9b8]" started-at="2022-05-24T16:50:56 UYT" name="beforeClass" finished-at="2022-05-24T16:50:59 UYT" duration-ms="2658" status="PASS">
          <reporter-output>
          </reporter-output>
        </test-method> <!-- beforeClass -->
        <test-method is-config="true" signature="beforeMethod(java.lang.reflect.Method)[pri:0, instance:com.qa.tests.ProductTest@76b1e9b8]" started-at="2022-05-24T16:50:59 UYT" name="beforeMethod" finished-at="2022-05-24T16:51:04 UYT" duration-ms="4961" status="PASS">
          <params>
            <param index="0">
              <value>
                <![CDATA[public void com.qa.tests.ProductTest.validateProductOnProductDetails()]]>
              </value>
            </param>
          </params>
          <reporter-output>
          </reporter-output>
        </test-method> <!-- beforeMethod -->
        <test-method signature="validateProductOnProductDetails()[pri:0, instance:com.qa.tests.ProductTest@76b1e9b8]" started-at="2022-05-24T16:51:04 UYT" name="validateProductOnProductDetails" finished-at="2022-05-24T16:51:09 UYT" duration-ms="4716" status="PASS">
          <reporter-output>
          </reporter-output>
        </test-method> <!-- validateProductOnProductDetails -->
        <test-method is-config="true" signature="afterMethod()[pri:0, instance:com.qa.tests.ProductTest@76b1e9b8]" started-at="2022-05-24T16:51:09 UYT" name="afterMethod" finished-at="2022-05-24T16:51:11 UYT" duration-ms="2599" status="PASS">
          <reporter-output>
          </reporter-output>
        </test-method> <!-- afterMethod -->
        <test-method is-config="true" signature="beforeMethod(java.lang.reflect.Method)[pri:0, instance:com.qa.tests.ProductTest@76b1e9b8]" started-at="2022-05-24T16:51:11 UYT" name="beforeMethod" finished-at="2022-05-24T16:51:16 UYT" duration-ms="4400" status="PASS">
          <params>
            <param index="0">
              <value>
                <![CDATA[public void com.qa.tests.ProductTest.validateProductOnProductPage()]]>
              </value>
            </param>
          </params>
          <reporter-output>
          </reporter-output>
        </test-method> <!-- beforeMethod -->
        <test-method signature="validateProductOnProductPage()[pri:0, instance:com.qa.tests.ProductTest@76b1e9b8]" started-at="2022-05-24T16:51:16 UYT" name="validateProductOnProductPage" finished-at="2022-05-24T16:51:17 UYT" duration-ms="1324" status="FAIL">
          <exception class="java.lang.AssertionError">
            <message>
              <![CDATA[The following asserts failed:
expected [Sauce Labs Backpack] but found [Sauce Labs BackpackTest falla]]]>
            </message>
            <full-stacktrace>
              <![CDATA[java.lang.AssertionError: The following asserts failed:
expected [Sauce Labs Backpack] but found [Sauce Labs BackpackTest falla]
at org.testng.asserts.SoftAssert.assertAll(SoftAssert.java:47)
at org.testng.asserts.SoftAssert.assertAll(SoftAssert.java:31)
at com.qa.tests.ProductTest.validateProductOnProductPage(ProductTest.java:110)
at java.base/jdk.internal.reflect.NativeMethodAccessorImpl.invoke0(Native Method)
at java.base/jdk.internal.reflect.NativeMethodAccessorImpl.invoke(NativeMethodAccessorImpl.java:62)
at java.base/jdk.internal.reflect.DelegatingMethodAccessorImpl.invoke(DelegatingMethodAccessorImpl.java:43)
at java.base/java.lang.reflect.Method.invoke(Method.java:566)
at org.testng.internal.MethodInvocationHelper.invokeMethod(MethodInvocationHelper.java:133)
at org.testng.internal.TestInvoker.invokeMethod(TestInvoker.java:598)
at org.testng.internal.TestInvoker.invokeTestMethod(TestInvoker.java:173)
at org.testng.internal.MethodRunner.runInSequence(MethodRunner.java:46)
at org.testng.internal.TestInvoker$MethodInvocationAgent.invoke(TestInvoker.java:824)
at org.testng.internal.TestInvoker.invokeTestMethods(TestInvoker.java:146)
at org.testng.internal.TestMethodWorker.invokeTestMethods(TestMethodWorker.java:146)
at org.testng.internal.TestMethodWorker.run(TestMethodWorker.java:128)
at java.base/java.util.ArrayList.forEach(ArrayList.java:1541)
at org.testng.TestRunner.privateRun(TestRunner.java:794)
at org.testng.TestRunner.run(TestRunner.java:596)
at org.testng.SuiteRunner.runTest(SuiteRunner.java:377)
at org.testng.SuiteRunner.access$000(SuiteRunner.java:28)
at org.testng.SuiteRunner$SuiteWorker.run(SuiteRunner.java:418)
at org.testng.internal.thread.ThreadUtil.lambda$execute$0(ThreadUtil.java:64)
at java.base/java.util.concurrent.FutureTask.run(FutureTask.java:264)
at java.base/java.util.concurrent.ThreadPoolExecutor.runWorker(ThreadPoolExecutor.java:1128)
at java.base/java.util.concurrent.ThreadPoolExecutor$Worker.run(ThreadPoolExecutor.java:628)
at java.base/java.lang.Thread.run(Thread.java:829)
]]>
            </full-stacktrace>
          </exception> <!-- java.lang.AssertionError -->
          <reporter-output>
            <line>
              <![CDATA[This is the sample screeshot]]>
            </line>
            <line>
              <![CDATA[<a href='C:\Users\clara.brizuela\Documents\Automation\Appium-TDDFramework\Screenshots\Android_pixel_3_\2022-05-24-16-50-45\ProductTest\validateProductOnProductPage.png'> <img src='C:\Users\clara.brizuela\Documents\Automation\Appium-TDDFramework\Screenshots\Android_pixel_3_\2022-05-24-16-50-45\ProductTest\validateProductOnProductPage.png' height='400' width='400'/> </a>]]>
            </line>
          </reporter-output>
        </test-method> <!-- validateProductOnProductPage -->
        <test-method is-config="true" signature="afterMethod()[pri:0, instance:com.qa.tests.ProductTest@76b1e9b8]" started-at="2022-05-24T16:51:18 UYT" name="afterMethod" finished-at="2022-05-24T16:51:20 UYT" duration-ms="1960" status="PASS">
          <reporter-output>
          </reporter-output>
        </test-method> <!-- afterMethod -->
        <test-method is-config="true" signature="afterClass()[pri:0, instance:com.qa.tests.ProductTest@76b1e9b8]" started-at="2022-05-24T16:51:20 UYT" name="afterClass" finished-at="2022-05-24T16:51:20 UYT" duration-ms="0" status="PASS">
          <reporter-output>
          </reporter-output>
        </test-method> <!-- afterClass -->
        <test-method is-config="true" signature="afterTest()[pri:0, instance:com.qa.tests.ProductTest@76b1e9b8]" started-at="2022-05-24T16:51:20 UYT" name="afterTest" finished-at="2022-05-24T16:51:20 UYT" duration-ms="642" status="PASS">
          <reporter-output>
          </reporter-output>
        </test-method> <!-- afterTest -->
      </class> <!-- com.qa.tests.ProductTest -->
    </test> <!-- Test_clara -->
  </suite> <!-- Suite -->
</testng-results>
