<?xml version="1.0" encoding="UTF-8"?>
<testng-results skipped="0" failed="0" ignored="0" total="3" passed="3">
  <reporter-output>
  </reporter-output>
  <suite name="Suite" duration-ms="81031" started-at="2022-05-11T14:44:49 UYT" finished-at="2022-05-11T14:46:10 UYT">
    <groups>
    </groups>
    <test name="Pixel_2" duration-ms="81031" started-at="2022-05-11T14:44:49 UYT" finished-at="2022-05-11T14:46:10 UYT">
      <class name="com.qa.tests.LoginTests">
        <test-method status="PASS" signature="beforeTest(java.lang.String,java.lang.String,java.lang.String,java.lang.String)[pri:0, instance:com.qa.tests.LoginTests@12028586]" name="beforeTest" is-config="true" duration-ms="65236" started-at="2022-05-11T14:44:49 UYT" finished-at="2022-05-11T14:45:54 UYT">
          <params>
            <param index="0">
              <value>
                <![CDATA[Android]]>
              </value>
            </param>
            <param index="1">
              <value>
                <![CDATA[emulator-5554]]>
              </value>
            </param>
            <param index="2">
              <value>
                <![CDATA[pixel_3]]>
              </value>
            </param>
            <param index="3">
              <value>
                <![CDATA[AndroidCurso]]>
              </value>
            </param>
          </params>
          <reporter-output>
          </reporter-output>
        </test-method> <!-- beforeTest -->
        <test-method status="PASS" signature="beforeClass()[pri:0, instance:com.qa.tests.LoginTests@12028586]" name="beforeClass" is-config="true" duration-ms="5" started-at="2022-05-11T14:45:54 UYT" finished-at="2022-05-11T14:45:54 UYT">
          <reporter-output>
          </reporter-output>
        </test-method> <!-- beforeClass -->
        <test-method status="PASS" signature="beforeMethod(java.lang.reflect.Method)[pri:0, instance:com.qa.tests.LoginTests@12028586]" name="beforeMethod" is-config="true" duration-ms="126" started-at="2022-05-11T14:45:54 UYT" finished-at="2022-05-11T14:45:54 UYT">
          <params>
            <param index="0">
              <value>
                <![CDATA[public void com.qa.tests.LoginTests.invalidPassword()]]>
              </value>
            </param>
          </params>
          <reporter-output>
          </reporter-output>
        </test-method> <!-- beforeMethod -->
        <test-method status="PASS" signature="invalidPassword()[pri:0, instance:com.qa.tests.LoginTests@12028586]" name="invalidPassword" duration-ms="4683" started-at="2022-05-11T14:45:54 UYT" finished-at="2022-05-11T14:45:59 UYT">
          <reporter-output>
          </reporter-output>
        </test-method> <!-- invalidPassword -->
        <test-method status="PASS" signature="afterMethod()[pri:0, instance:com.qa.tests.LoginTests@12028586]" name="afterMethod" is-config="true" duration-ms="1" started-at="2022-05-11T14:45:59 UYT" finished-at="2022-05-11T14:45:59 UYT">
          <reporter-output>
          </reporter-output>
        </test-method> <!-- afterMethod -->
        <test-method status="PASS" signature="beforeMethod(java.lang.reflect.Method)[pri:0, instance:com.qa.tests.LoginTests@12028586]" name="beforeMethod" is-config="true" duration-ms="42" started-at="2022-05-11T14:45:59 UYT" finished-at="2022-05-11T14:45:59 UYT">
          <params>
            <param index="0">
              <value>
                <![CDATA[public void com.qa.tests.LoginTests.invalidUserName()]]>
              </value>
            </param>
          </params>
          <reporter-output>
          </reporter-output>
        </test-method> <!-- beforeMethod -->
        <test-method status="PASS" signature="invalidUserName()[pri:0, instance:com.qa.tests.LoginTests@12028586]" name="invalidUserName" duration-ms="2828" started-at="2022-05-11T14:45:59 UYT" finished-at="2022-05-11T14:46:02 UYT">
          <reporter-output>
          </reporter-output>
        </test-method> <!-- invalidUserName -->
        <test-method status="PASS" signature="beforeMethod(java.lang.reflect.Method)[pri:0, instance:com.qa.tests.LoginTests@12028586]" name="beforeMethod" is-config="true" duration-ms="1" started-at="2022-05-11T14:46:02 UYT" finished-at="2022-05-11T14:46:02 UYT">
          <params>
            <param index="0">
              <value>
                <![CDATA[public void com.qa.tests.LoginTests.successfulLogin()]]>
              </value>
            </param>
          </params>
          <reporter-output>
          </reporter-output>
        </test-method> <!-- beforeMethod -->
        <test-method status="PASS" signature="afterMethod()[pri:0, instance:com.qa.tests.LoginTests@12028586]" name="afterMethod" is-config="true" duration-ms="0" started-at="2022-05-11T14:46:02 UYT" finished-at="2022-05-11T14:46:02 UYT">
          <reporter-output>
          </reporter-output>
        </test-method> <!-- afterMethod -->
        <test-method status="PASS" signature="successfulLogin()[pri:0, instance:com.qa.tests.LoginTests@12028586]" name="successfulLogin" duration-ms="5115" started-at="2022-05-11T14:46:02 UYT" finished-at="2022-05-11T14:46:07 UYT">
          <reporter-output>
          </reporter-output>
        </test-method> <!-- successfulLogin -->
        <test-method status="PASS" signature="afterMethod()[pri:0, instance:com.qa.tests.LoginTests@12028586]" name="afterMethod" is-config="true" duration-ms="0" started-at="2022-05-11T14:46:07 UYT" finished-at="2022-05-11T14:46:07 UYT">
          <reporter-output>
          </reporter-output>
        </test-method> <!-- afterMethod -->
        <test-method status="PASS" signature="afterClass()[pri:0, instance:com.qa.tests.LoginTests@12028586]" name="afterClass" is-config="true" duration-ms="0" started-at="2022-05-11T14:46:07 UYT" finished-at="2022-05-11T14:46:07 UYT">
          <reporter-output>
          </reporter-output>
        </test-method> <!-- afterClass -->
        <test-method status="PASS" signature="afterTest()[pri:0, instance:com.qa.tests.LoginTests@12028586]" name="afterTest" is-config="true" duration-ms="2963" started-at="2022-05-11T14:46:07 UYT" finished-at="2022-05-11T14:46:10 UYT">
          <reporter-output>
          </reporter-output>
        </test-method> <!-- afterTest -->
      </class> <!-- com.qa.tests.LoginTests -->
    </test> <!-- Pixel_2 -->
  </suite> <!-- Suite -->
</testng-results>
