<?xml version="1.0" encoding="UTF-8"?>
<testng-results skipped="0" failed="0" ignored="0" total="3" passed="3">
  <reporter-output>
  </reporter-output>
  <suite name="Suite" duration-ms="23284" started-at="2022-05-09T16:39:30 UYT" finished-at="2022-05-09T16:39:54 UYT">
    <groups>
    </groups>
    <test name="Pixel_2" duration-ms="23284" started-at="2022-05-09T16:39:30 UYT" finished-at="2022-05-09T16:39:54 UYT">
      <class name="com.qa.tests.LoginTests">
        <test-method status="PASS" signature="beforeTest(java.lang.String,java.lang.String,java.lang.String,java.lang.String)[pri:0, instance:com.qa.tests.LoginTests@6bc24e72]" name="beforeTest" is-config="true" duration-ms="11830" started-at="2022-05-09T16:39:30 UYT" finished-at="2022-05-09T16:39:42 UYT">
          <params>
            <param index="0">
              <value>
                <![CDATA[Android]]>
              </value>
            </param>
            <param index="1">
              <value>
                <![CDATA[emulator-5554]]>
              </value>
            </param>
            <param index="2">
              <value>
                <![CDATA[pixel_3]]>
              </value>
            </param>
            <param index="3">
              <value>
                <![CDATA[AndroidCurso]]>
              </value>
            </param>
          </params>
          <reporter-output>
          </reporter-output>
        </test-method> <!-- beforeTest -->
        <test-method status="PASS" signature="beforeClass()[pri:0, instance:com.qa.tests.LoginTests@6bc24e72]" name="beforeClass" is-config="true" duration-ms="1" started-at="2022-05-09T16:39:42 UYT" finished-at="2022-05-09T16:39:42 UYT">
          <reporter-output>
          </reporter-output>
        </test-method> <!-- beforeClass -->
        <test-method status="PASS" signature="beforeMethod(java.lang.reflect.Method)[pri:0, instance:com.qa.tests.LoginTests@6bc24e72]" name="beforeMethod" is-config="true" duration-ms="235" started-at="2022-05-09T16:39:42 UYT" finished-at="2022-05-09T16:39:42 UYT">
          <params>
            <param index="0">
              <value>
                <![CDATA[public void com.qa.tests.LoginTests.invalidPassword()]]>
              </value>
            </param>
          </params>
          <reporter-output>
          </reporter-output>
        </test-method> <!-- beforeMethod -->
        <test-method status="PASS" signature="invalidPassword()[pri:0, instance:com.qa.tests.LoginTests@6bc24e72]" name="invalidPassword" duration-ms="4434" started-at="2022-05-09T16:39:42 UYT" finished-at="2022-05-09T16:39:47 UYT">
          <reporter-output>
          </reporter-output>
        </test-method> <!-- invalidPassword -->
        <test-method status="PASS" signature="afterMethod()[pri:0, instance:com.qa.tests.LoginTests@6bc24e72]" name="afterMethod" is-config="true" duration-ms="1" started-at="2022-05-09T16:39:47 UYT" finished-at="2022-05-09T16:39:47 UYT">
          <reporter-output>
          </reporter-output>
        </test-method> <!-- afterMethod -->
        <test-method status="PASS" signature="beforeMethod(java.lang.reflect.Method)[pri:0, instance:com.qa.tests.LoginTests@6bc24e72]" name="beforeMethod" is-config="true" duration-ms="2" started-at="2022-05-09T16:39:47 UYT" finished-at="2022-05-09T16:39:47 UYT">
          <params>
            <param index="0">
              <value>
                <![CDATA[public void com.qa.tests.LoginTests.invalidUserName()]]>
              </value>
            </param>
          </params>
          <reporter-output>
          </reporter-output>
        </test-method> <!-- beforeMethod -->
        <test-method status="PASS" signature="invalidUserName()[pri:0, instance:com.qa.tests.LoginTests@6bc24e72]" name="invalidUserName" duration-ms="2447" started-at="2022-05-09T16:39:47 UYT" finished-at="2022-05-09T16:39:49 UYT">
          <reporter-output>
          </reporter-output>
        </test-method> <!-- invalidUserName -->
        <test-method status="PASS" signature="afterMethod()[pri:0, instance:com.qa.tests.LoginTests@6bc24e72]" name="afterMethod" is-config="true" duration-ms="1" started-at="2022-05-09T16:39:49 UYT" finished-at="2022-05-09T16:39:49 UYT">
          <reporter-output>
          </reporter-output>
        </test-method> <!-- afterMethod -->
        <test-method status="PASS" signature="beforeMethod(java.lang.reflect.Method)[pri:0, instance:com.qa.tests.LoginTests@6bc24e72]" name="beforeMethod" is-config="true" duration-ms="2" started-at="2022-05-09T16:39:49 UYT" finished-at="2022-05-09T16:39:49 UYT">
          <params>
            <param index="0">
              <value>
                <![CDATA[public void com.qa.tests.LoginTests.successfulLogin()]]>
              </value>
            </param>
          </params>
          <reporter-output>
          </reporter-output>
        </test-method> <!-- beforeMethod -->
        <test-method status="PASS" signature="successfulLogin()[pri:0, instance:com.qa.tests.LoginTests@6bc24e72]" name="successfulLogin" duration-ms="3546" started-at="2022-05-09T16:39:49 UYT" finished-at="2022-05-09T16:39:53 UYT">
          <reporter-output>
          </reporter-output>
        </test-method> <!-- successfulLogin -->
        <test-method status="PASS" signature="afterMethod()[pri:0, instance:com.qa.tests.LoginTests@6bc24e72]" name="afterMethod" is-config="true" duration-ms="0" started-at="2022-05-09T16:39:53 UYT" finished-at="2022-05-09T16:39:53 UYT">
          <reporter-output>
          </reporter-output>
        </test-method> <!-- afterMethod -->
        <test-method status="PASS" signature="afterClass()[pri:0, instance:com.qa.tests.LoginTests@6bc24e72]" name="afterClass" is-config="true" duration-ms="0" started-at="2022-05-09T16:39:53 UYT" finished-at="2022-05-09T16:39:53 UYT">
          <reporter-output>
          </reporter-output>
        </test-method> <!-- afterClass -->
        <test-method status="PASS" signature="afterTest()[pri:0, instance:com.qa.tests.LoginTests@6bc24e72]" name="afterTest" is-config="true" duration-ms="743" started-at="2022-05-09T16:39:53 UYT" finished-at="2022-05-09T16:39:54 UYT">
          <reporter-output>
          </reporter-output>
        </test-method> <!-- afterTest -->
      </class> <!-- com.qa.tests.LoginTests -->
    </test> <!-- Pixel_2 -->
  </suite> <!-- Suite -->
</testng-results>
