<?xml version="1.0" encoding="UTF-8"?>
<testng-results ignored="0" total="3" passed="3" failed="0" skipped="0">
  <reporter-output>
  </reporter-output>
  <suite started-at="2022-05-30T21:06:18 UYT" name="Suite" finished-at="2022-05-30T21:06:40 UYT" duration-ms="22172">
    <groups>
    </groups>
    <test started-at="2022-05-30T21:06:18 UYT" name="Pixel_2" finished-at="2022-05-30T21:06:40 UYT" duration-ms="22172">
      <class name="com.qa.tests.LoginTests">
        <test-method is-config="true" signature="beforeTest(java.lang.String,java.lang.String,java.lang.String,java.lang.String)[pri:0, instance:com.qa.tests.LoginTests@298a5e20]" started-at="2022-05-30T21:06:18 UYT" name="beforeTest" finished-at="2022-05-30T21:06:28 UYT" duration-ms="10732" status="PASS">
          <params>
            <param index="0">
              <value>
                <![CDATA[Android]]>
              </value>
            </param>
            <param index="1">
              <value>
                <![CDATA[emulator-5554]]>
              </value>
            </param>
            <param index="2">
              <value>
                <![CDATA[pixel_5]]>
              </value>
            </param>
            <param index="3">
              <value>
                <![CDATA[Pixel5_Android11]]>
              </value>
            </param>
          </params>
          <reporter-output>
          </reporter-output>
        </test-method> <!-- beforeTest -->
        <test-method is-config="true" signature="beforeClass()[pri:0, instance:com.qa.tests.LoginTests@298a5e20]" started-at="2022-05-30T21:06:28 UYT" name="beforeClass" finished-at="2022-05-30T21:06:28 UYT" duration-ms="4" status="PASS">
          <reporter-output>
          </reporter-output>
        </test-method> <!-- beforeClass -->
        <test-method is-config="true" signature="beforeMethod(java.lang.reflect.Method)[pri:0, instance:com.qa.tests.LoginTests@298a5e20]" started-at="2022-05-30T21:06:28 UYT" name="beforeMethod" finished-at="2022-05-30T21:06:29 UYT" duration-ms="103" status="PASS">
          <params>
            <param index="0">
              <value>
                <![CDATA[public void com.qa.tests.LoginTests.invalidPassword()]]>
              </value>
            </param>
          </params>
          <reporter-output>
          </reporter-output>
        </test-method> <!-- beforeMethod -->
        <test-method signature="invalidPassword()[pri:0, instance:com.qa.tests.LoginTests@298a5e20]" started-at="2022-05-30T21:06:29 UYT" name="invalidPassword" finished-at="2022-05-30T21:06:34 UYT" duration-ms="5535" status="PASS">
          <reporter-output>
          </reporter-output>
        </test-method> <!-- invalidPassword -->
        <test-method is-config="true" signature="afterMethod()[pri:0, instance:com.qa.tests.LoginTests@298a5e20]" started-at="2022-05-30T21:06:34 UYT" name="afterMethod" finished-at="2022-05-30T21:06:34 UYT" duration-ms="1" status="PASS">
          <reporter-output>
          </reporter-output>
        </test-method> <!-- afterMethod -->
        <test-method is-config="true" signature="beforeMethod(java.lang.reflect.Method)[pri:0, instance:com.qa.tests.LoginTests@298a5e20]" started-at="2022-05-30T21:06:34 UYT" name="beforeMethod" finished-at="2022-05-30T21:06:34 UYT" duration-ms="1" status="PASS">
          <params>
            <param index="0">
              <value>
                <![CDATA[public void com.qa.tests.LoginTests.invalidUserName()]]>
              </value>
            </param>
          </params>
          <reporter-output>
          </reporter-output>
        </test-method> <!-- beforeMethod -->
        <test-method signature="invalidUserName()[pri:0, instance:com.qa.tests.LoginTests@298a5e20]" started-at="2022-05-30T21:06:34 UYT" name="invalidUserName" finished-at="2022-05-30T21:06:36 UYT" duration-ms="2047" status="PASS">
          <reporter-output>
          </reporter-output>
        </test-method> <!-- invalidUserName -->
        <test-method is-config="true" signature="beforeMethod(java.lang.reflect.Method)[pri:0, instance:com.qa.tests.LoginTests@298a5e20]" started-at="2022-05-30T21:06:36 UYT" name="beforeMethod" finished-at="2022-05-30T21:06:36 UYT" duration-ms="1" status="PASS">
          <params>
            <param index="0">
              <value>
                <![CDATA[public void com.qa.tests.LoginTests.successfulLogin()]]>
              </value>
            </param>
          </params>
          <reporter-output>
          </reporter-output>
        </test-method> <!-- beforeMethod -->
        <test-method is-config="true" signature="afterMethod()[pri:0, instance:com.qa.tests.LoginTests@298a5e20]" started-at="2022-05-30T21:06:36 UYT" name="afterMethod" finished-at="2022-05-30T21:06:36 UYT" duration-ms="0" status="PASS">
          <reporter-output>
          </reporter-output>
        </test-method> <!-- afterMethod -->
        <test-method signature="successfulLogin()[pri:0, instance:com.qa.tests.LoginTests@298a5e20]" started-at="2022-05-30T21:06:36 UYT" name="successfulLogin" finished-at="2022-05-30T21:06:39 UYT" duration-ms="3265" status="PASS">
          <reporter-output>
          </reporter-output>
        </test-method> <!-- successfulLogin -->
        <test-method is-config="true" signature="afterMethod()[pri:0, instance:com.qa.tests.LoginTests@298a5e20]" started-at="2022-05-30T21:06:39 UYT" name="afterMethod" finished-at="2022-05-30T21:06:39 UYT" duration-ms="0" status="PASS">
          <reporter-output>
          </reporter-output>
        </test-method> <!-- afterMethod -->
        <test-method is-config="true" signature="afterClass()[pri:0, instance:com.qa.tests.LoginTests@298a5e20]" started-at="2022-05-30T21:06:39 UYT" name="afterClass" finished-at="2022-05-30T21:06:39 UYT" duration-ms="0" status="PASS">
          <reporter-output>
          </reporter-output>
        </test-method> <!-- afterClass -->
        <test-method is-config="true" signature="afterTest()[pri:0, instance:com.qa.tests.LoginTests@298a5e20]" started-at="2022-05-30T21:06:39 UYT" name="afterTest" finished-at="2022-05-30T21:06:40 UYT" duration-ms="457" status="PASS">
          <reporter-output>
          </reporter-output>
        </test-method> <!-- afterTest -->
      </class> <!-- com.qa.tests.LoginTests -->
    </test> <!-- Pixel_2 -->
  </suite> <!-- Suite -->
</testng-results>
