<?xml version="1.0" encoding="UTF-8"?>
<testng-results ignored="2" total="6" passed="4" failed="0" skipped="0">
  <reporter-output>
  </reporter-output>
  <suite started-at="2022-05-20T17:34:31 UYT" name="Suite" finished-at="2022-05-20T17:35:00 UYT" duration-ms="28528">
    <groups>
    </groups>
    <test started-at="2022-05-20T17:34:31 UYT" name="Test_clara" finished-at="2022-05-20T17:35:00 UYT" duration-ms="28528">
      <class name="com.qa.tests.LogoutTest">
        <test-method is-config="true" signature="beforeClass()[pri:0, instance:com.qa.tests.LogoutTest@58278366]" started-at="2022-05-20T17:34:56 UYT" name="beforeClass" finished-at="2022-05-20T17:34:56 UYT" duration-ms="0" status="PASS">
          <reporter-output>
          </reporter-output>
        </test-method> <!-- beforeClass -->
        <test-method signature="successfulLogout()[pri:0, instance:com.qa.tests.LogoutTest@58278366]" started-at="2022-05-20T17:34:56 UYT" name="successfulLogout" finished-at="2022-05-20T17:34:59 UYT" duration-ms="3555" status="PASS">
          <reporter-output>
          </reporter-output>
        </test-method> <!-- successfulLogout -->
        <test-method is-config="true" signature="beforeMethod(java.lang.reflect.Method)[pri:0, instance:com.qa.tests.LogoutTest@58278366]" started-at="2022-05-20T17:34:56 UYT" name="beforeMethod" finished-at="2022-05-20T17:34:56 UYT" duration-ms="0" status="PASS">
          <params>
            <param index="0">
              <value>
                <![CDATA[public void com.qa.tests.LogoutTest.successfulLogout()]]>
              </value>
            </param>
          </params>
          <reporter-output>
          </reporter-output>
        </test-method> <!-- beforeMethod -->
        <test-method is-config="true" signature="afterMethod()[pri:0, instance:com.qa.tests.LogoutTest@58278366]" started-at="2022-05-20T17:34:59 UYT" name="afterMethod" finished-at="2022-05-20T17:34:59 UYT" duration-ms="0" status="PASS">
          <reporter-output>
          </reporter-output>
        </test-method> <!-- afterMethod -->
        <test-method is-config="true" signature="afterClass()[pri:0, instance:com.qa.tests.LogoutTest@58278366]" started-at="2022-05-20T17:34:59 UYT" name="afterClass" finished-at="2022-05-20T17:34:59 UYT" duration-ms="0" status="PASS">
          <reporter-output>
          </reporter-output>
        </test-method> <!-- afterClass -->
      </class> <!-- com.qa.tests.LogoutTest -->
      <class name="com.qa.tests.LoginTests">
        <test-method is-config="true" signature="beforeTest(java.lang.String,java.lang.String,java.lang.String,java.lang.String,java.lang.String,java.lang.String,java.lang.String)[pri:0, instance:com.qa.tests.LoginTests@7fbf26fc]" started-at="2022-05-20T17:34:31 UYT" name="beforeTest" finished-at="2022-05-20T17:34:43 UYT" duration-ms="11920" status="PASS">
          <params>
            <param index="0">
              <value>
                <![CDATA[Android]]>
              </value>
            </param>
            <param index="1">
              <value>
                <![CDATA[emulator-5554]]>
              </value>
            </param>
            <param index="2">
              <value>
                <![CDATA[pixel_3]]>
              </value>
            </param>
            <param index="3">
              <value>
                <![CDATA[AndroidCurso]]>
              </value>
            </param>
            <param index="4">
              <value>
                <![CDATA[true]]>
              </value>
            </param>
            <param index="5">
              <value>
                <![CDATA[]]>
              </value>
            </param>
            <param index="6">
              <value>
                <![CDATA[]]>
              </value>
            </param>
          </params>
          <reporter-output>
          </reporter-output>
        </test-method> <!-- beforeTest -->
        <test-method is-config="true" signature="beforeClass()[pri:0, instance:com.qa.tests.LoginTests@7fbf26fc]" started-at="2022-05-20T17:34:43 UYT" name="beforeClass" finished-at="2022-05-20T17:34:43 UYT" duration-ms="6" status="PASS">
          <reporter-output>
          </reporter-output>
        </test-method> <!-- beforeClass -->
        <test-method is-config="true" signature="beforeMethod(java.lang.reflect.Method)[pri:0, instance:com.qa.tests.LoginTests@7fbf26fc]" started-at="2022-05-20T17:34:43 UYT" name="beforeMethod" finished-at="2022-05-20T17:34:44 UYT" duration-ms="232" status="PASS">
          <params>
            <param index="0">
              <value>
                <![CDATA[public void com.qa.tests.LoginTests.invalidPassword()]]>
              </value>
            </param>
          </params>
          <reporter-output>
          </reporter-output>
        </test-method> <!-- beforeMethod -->
        <test-method signature="invalidPassword()[pri:0, instance:com.qa.tests.LoginTests@7fbf26fc]" started-at="2022-05-20T17:34:44 UYT" name="invalidPassword" finished-at="2022-05-20T17:34:48 UYT" duration-ms="4391" status="PASS">
          <reporter-output>
          </reporter-output>
        </test-method> <!-- invalidPassword -->
        <test-method is-config="true" signature="afterMethod()[pri:0, instance:com.qa.tests.LoginTests@7fbf26fc]" started-at="2022-05-20T17:34:48 UYT" name="afterMethod" finished-at="2022-05-20T17:34:48 UYT" duration-ms="0" status="PASS">
          <reporter-output>
          </reporter-output>
        </test-method> <!-- afterMethod -->
        <test-method is-config="true" signature="beforeMethod(java.lang.reflect.Method)[pri:0, instance:com.qa.tests.LoginTests@7fbf26fc]" started-at="2022-05-20T17:34:48 UYT" name="beforeMethod" finished-at="2022-05-20T17:34:48 UYT" duration-ms="1" status="PASS">
          <params>
            <param index="0">
              <value>
                <![CDATA[public void com.qa.tests.LoginTests.invalidUserName()]]>
              </value>
            </param>
          </params>
          <reporter-output>
          </reporter-output>
        </test-method> <!-- beforeMethod -->
        <test-method signature="invalidUserName()[pri:0, instance:com.qa.tests.LoginTests@7fbf26fc]" started-at="2022-05-20T17:34:48 UYT" name="invalidUserName" finished-at="2022-05-20T17:34:52 UYT" duration-ms="3506" status="PASS">
          <reporter-output>
          </reporter-output>
        </test-method> <!-- invalidUserName -->
        <test-method is-config="true" signature="afterMethod()[pri:0, instance:com.qa.tests.LoginTests@7fbf26fc]" started-at="2022-05-20T17:34:52 UYT" name="afterMethod" finished-at="2022-05-20T17:34:52 UYT" duration-ms="0" status="PASS">
          <reporter-output>
          </reporter-output>
        </test-method> <!-- afterMethod -->
        <test-method is-config="true" signature="beforeMethod(java.lang.reflect.Method)[pri:0, instance:com.qa.tests.LoginTests@7fbf26fc]" started-at="2022-05-20T17:34:52 UYT" name="beforeMethod" finished-at="2022-05-20T17:34:52 UYT" duration-ms="1" status="PASS">
          <params>
            <param index="0">
              <value>
                <![CDATA[public void com.qa.tests.LoginTests.successfulLogin()]]>
              </value>
            </param>
          </params>
          <reporter-output>
          </reporter-output>
        </test-method> <!-- beforeMethod -->
        <test-method signature="successfulLogin()[pri:0, instance:com.qa.tests.LoginTests@7fbf26fc]" started-at="2022-05-20T17:34:52 UYT" name="successfulLogin" finished-at="2022-05-20T17:34:56 UYT" duration-ms="4125" status="PASS">
          <reporter-output>
          </reporter-output>
        </test-method> <!-- successfulLogin -->
        <test-method is-config="true" signature="afterMethod()[pri:0, instance:com.qa.tests.LoginTests@7fbf26fc]" started-at="2022-05-20T17:34:56 UYT" name="afterMethod" finished-at="2022-05-20T17:34:56 UYT" duration-ms="0" status="PASS">
          <reporter-output>
          </reporter-output>
        </test-method> <!-- afterMethod -->
        <test-method is-config="true" signature="afterClass()[pri:0, instance:com.qa.tests.LoginTests@7fbf26fc]" started-at="2022-05-20T17:34:56 UYT" name="afterClass" finished-at="2022-05-20T17:34:56 UYT" duration-ms="0" status="PASS">
          <reporter-output>
          </reporter-output>
        </test-method> <!-- afterClass -->
        <test-method is-config="true" signature="afterTest()[pri:0, instance:com.qa.tests.LoginTests@7fbf26fc]" started-at="2022-05-20T17:34:59 UYT" name="afterTest" finished-at="2022-05-20T17:35:00 UYT" duration-ms="737" status="PASS">
          <reporter-output>
          </reporter-output>
        </test-method> <!-- afterTest -->
      </class> <!-- com.qa.tests.LoginTests -->
    </test> <!-- Test_clara -->
  </suite> <!-- Suite -->
</testng-results>
