<?xml version="1.0" encoding="UTF-8"?>
<testng-results ignored="0" total="3" passed="3" failed="0" skipped="0">
  <reporter-output>
  </reporter-output>
  <suite started-at="2022-05-20T11:03:06 UYT" name="Suite" finished-at="2022-05-20T11:04:18 UYT" duration-ms="71995">
    <groups>
    </groups>
    <test started-at="2022-05-20T11:03:06 UYT" name="Test_clara" finished-at="2022-05-20T11:04:18 UYT" duration-ms="71995">
      <class name="com.qa.tests.LoginTests">
        <test-method is-config="true" signature="beforeTest(java.lang.String,java.lang.String,java.lang.String,java.lang.String)[pri:0, instance:com.qa.tests.LoginTests@69e153c5]" started-at="2022-05-20T11:03:06 UYT" name="beforeTest" finished-at="2022-05-20T11:03:50 UYT" duration-ms="43907" status="PASS">
          <params>
            <param index="0">
              <value>
                <![CDATA[Android]]>
              </value>
            </param>
            <param index="1">
              <value>
                <![CDATA[emulator-5554]]>
              </value>
            </param>
            <param index="2">
              <value>
                <![CDATA[pixel_3]]>
              </value>
            </param>
            <param index="3">
              <value>
                <![CDATA[AndroidCurso]]>
              </value>
            </param>
          </params>
          <reporter-output>
          </reporter-output>
        </test-method> <!-- beforeTest -->
        <test-method is-config="true" signature="beforeClass()[pri:0, instance:com.qa.tests.LoginTests@69e153c5]" started-at="2022-05-20T11:03:50 UYT" name="beforeClass" finished-at="2022-05-20T11:03:50 UYT" duration-ms="27" status="PASS">
          <reporter-output>
          </reporter-output>
        </test-method> <!-- beforeClass -->
        <test-method is-config="true" signature="beforeMethod(java.lang.reflect.Method)[pri:0, instance:com.qa.tests.LoginTests@69e153c5]" started-at="2022-05-20T11:03:50 UYT" name="beforeMethod" finished-at="2022-05-20T11:03:50 UYT" duration-ms="444" status="PASS">
          <params>
            <param index="0">
              <value>
                <![CDATA[public void com.qa.tests.LoginTests.invalidPassword()]]>
              </value>
            </param>
          </params>
          <reporter-output>
          </reporter-output>
        </test-method> <!-- beforeMethod -->
        <test-method signature="invalidPassword()[pri:0, instance:com.qa.tests.LoginTests@69e153c5]" started-at="2022-05-20T11:03:50 UYT" name="invalidPassword" finished-at="2022-05-20T11:03:58 UYT" duration-ms="7531" status="PASS">
          <reporter-output>
          </reporter-output>
        </test-method> <!-- invalidPassword -->
        <test-method is-config="true" signature="afterMethod()[pri:0, instance:com.qa.tests.LoginTests@69e153c5]" started-at="2022-05-20T11:03:58 UYT" name="afterMethod" finished-at="2022-05-20T11:03:58 UYT" duration-ms="0" status="PASS">
          <reporter-output>
          </reporter-output>
        </test-method> <!-- afterMethod -->
        <test-method is-config="true" signature="beforeMethod(java.lang.reflect.Method)[pri:0, instance:com.qa.tests.LoginTests@69e153c5]" started-at="2022-05-20T11:03:58 UYT" name="beforeMethod" finished-at="2022-05-20T11:03:58 UYT" duration-ms="4" status="PASS">
          <params>
            <param index="0">
              <value>
                <![CDATA[public void com.qa.tests.LoginTests.invalidUserName()]]>
              </value>
            </param>
          </params>
          <reporter-output>
          </reporter-output>
        </test-method> <!-- beforeMethod -->
        <test-method signature="invalidUserName()[pri:0, instance:com.qa.tests.LoginTests@69e153c5]" started-at="2022-05-20T11:03:58 UYT" name="invalidUserName" finished-at="2022-05-20T11:04:03 UYT" duration-ms="4684" status="PASS">
          <reporter-output>
          </reporter-output>
        </test-method> <!-- invalidUserName -->
        <test-method is-config="true" signature="afterMethod()[pri:0, instance:com.qa.tests.LoginTests@69e153c5]" started-at="2022-05-20T11:04:03 UYT" name="afterMethod" finished-at="2022-05-20T11:04:03 UYT" duration-ms="1" status="PASS">
          <reporter-output>
          </reporter-output>
        </test-method> <!-- afterMethod -->
        <test-method is-config="true" signature="beforeMethod(java.lang.reflect.Method)[pri:0, instance:com.qa.tests.LoginTests@69e153c5]" started-at="2022-05-20T11:04:03 UYT" name="beforeMethod" finished-at="2022-05-20T11:04:03 UYT" duration-ms="4" status="PASS">
          <params>
            <param index="0">
              <value>
                <![CDATA[public void com.qa.tests.LoginTests.successfulLogin()]]>
              </value>
            </param>
          </params>
          <reporter-output>
          </reporter-output>
        </test-method> <!-- beforeMethod -->
        <test-method signature="successfulLogin()[pri:0, instance:com.qa.tests.LoginTests@69e153c5]" started-at="2022-05-20T11:04:03 UYT" name="successfulLogin" finished-at="2022-05-20T11:04:14 UYT" duration-ms="11263" status="PASS">
          <reporter-output>
          </reporter-output>
        </test-method> <!-- successfulLogin -->
        <test-method is-config="true" signature="afterMethod()[pri:0, instance:com.qa.tests.LoginTests@69e153c5]" started-at="2022-05-20T11:04:14 UYT" name="afterMethod" finished-at="2022-05-20T11:04:14 UYT" duration-ms="0" status="PASS">
          <reporter-output>
          </reporter-output>
        </test-method> <!-- afterMethod -->
        <test-method is-config="true" signature="afterClass()[pri:0, instance:com.qa.tests.LoginTests@69e153c5]" started-at="2022-05-20T11:04:14 UYT" name="afterClass" finished-at="2022-05-20T11:04:14 UYT" duration-ms="0" status="PASS">
          <reporter-output>
          </reporter-output>
        </test-method> <!-- afterClass -->
        <test-method is-config="true" signature="afterTest()[pri:0, instance:com.qa.tests.LoginTests@69e153c5]" started-at="2022-05-20T11:04:14 UYT" name="afterTest" finished-at="2022-05-20T11:04:18 UYT" duration-ms="4017" status="PASS">
          <reporter-output>
          </reporter-output>
        </test-method> <!-- afterTest -->
      </class> <!-- com.qa.tests.LoginTests -->
    </test> <!-- Test_clara -->
  </suite> <!-- Suite -->
</testng-results>
