<?xml version="1.0" encoding="UTF-8"?>
<testng-results ignored="0" total="2" passed="2" failed="0" skipped="0">
  <reporter-output>
  </reporter-output>
  <suite started-at="2022-05-23T19:11:25 UYT" name="Suite" finished-at="2022-05-23T19:12:04 UYT" duration-ms="38574">
    <groups>
    </groups>
    <test started-at="2022-05-23T19:11:25 UYT" name="Test_clara" finished-at="2022-05-23T19:12:04 UYT" duration-ms="38574">
      <class name="com.qa.tests.ProductTest">
        <test-method is-config="true" signature="beforeTest(java.lang.String,java.lang.String,java.lang.String,java.lang.String,java.lang.String,java.lang.String,java.lang.String)[pri:0, instance:com.qa.tests.ProductTest@74ea2410]" started-at="2022-05-23T19:11:25 UYT" name="beforeTest" finished-at="2022-05-23T19:11:40 UYT" duration-ms="14976" status="PASS">
          <params>
            <param index="0">
              <value>
                <![CDATA[Android]]>
              </value>
            </param>
            <param index="1">
              <value>
                <![CDATA[emulator-5554]]>
              </value>
            </param>
            <param index="2">
              <value>
                <![CDATA[pixel_3]]>
              </value>
            </param>
            <param index="3">
              <value>
                <![CDATA[AndroidCurso]]>
              </value>
            </param>
            <param index="4">
              <value>
                <![CDATA[true]]>
              </value>
            </param>
            <param index="5">
              <value>
                <![CDATA[]]>
              </value>
            </param>
            <param index="6">
              <value>
                <![CDATA[]]>
              </value>
            </param>
          </params>
          <reporter-output>
          </reporter-output>
        </test-method> <!-- beforeTest -->
        <test-method is-config="true" signature="beforeClass()[pri:0, instance:com.qa.tests.ProductTest@74ea2410]" started-at="2022-05-23T19:11:40 UYT" name="beforeClass" finished-at="2022-05-23T19:11:43 UYT" duration-ms="3278" status="PASS">
          <reporter-output>
          </reporter-output>
        </test-method> <!-- beforeClass -->
        <test-method is-config="true" signature="beforeMethod(java.lang.reflect.Method)[pri:0, instance:com.qa.tests.ProductTest@74ea2410]" started-at="2022-05-23T19:11:43 UYT" name="beforeMethod" finished-at="2022-05-23T19:11:47 UYT" duration-ms="4032" status="PASS">
          <params>
            <param index="0">
              <value>
                <![CDATA[public void com.qa.tests.ProductTest.validateProductOnProductDetails()]]>
              </value>
            </param>
          </params>
          <reporter-output>
          </reporter-output>
        </test-method> <!-- beforeMethod -->
        <test-method signature="validateProductOnProductDetails()[pri:0, instance:com.qa.tests.ProductTest@74ea2410]" started-at="2022-05-23T19:11:47 UYT" name="validateProductOnProductDetails" finished-at="2022-05-23T19:11:52 UYT" duration-ms="4967" status="PASS">
          <reporter-output>
          </reporter-output>
        </test-method> <!-- validateProductOnProductDetails -->
        <test-method is-config="true" signature="afterMethod()[pri:0, instance:com.qa.tests.ProductTest@74ea2410]" started-at="2022-05-23T19:11:52 UYT" name="afterMethod" finished-at="2022-05-23T19:11:55 UYT" duration-ms="2681" status="PASS">
          <reporter-output>
          </reporter-output>
        </test-method> <!-- afterMethod -->
        <test-method is-config="true" signature="beforeMethod(java.lang.reflect.Method)[pri:0, instance:com.qa.tests.ProductTest@74ea2410]" started-at="2022-05-23T19:11:55 UYT" name="beforeMethod" finished-at="2022-05-23T19:12:00 UYT" duration-ms="4514" status="PASS">
          <params>
            <param index="0">
              <value>
                <![CDATA[public void com.qa.tests.ProductTest.validateProductOnProductPage()]]>
              </value>
            </param>
          </params>
          <reporter-output>
          </reporter-output>
        </test-method> <!-- beforeMethod -->
        <test-method signature="validateProductOnProductPage()[pri:0, instance:com.qa.tests.ProductTest@74ea2410]" started-at="2022-05-23T19:12:00 UYT" name="validateProductOnProductPage" finished-at="2022-05-23T19:12:01 UYT" duration-ms="1248" status="PASS">
          <reporter-output>
          </reporter-output>
        </test-method> <!-- validateProductOnProductPage -->
        <test-method is-config="true" signature="afterMethod()[pri:0, instance:com.qa.tests.ProductTest@74ea2410]" started-at="2022-05-23T19:12:01 UYT" name="afterMethod" finished-at="2022-05-23T19:12:03 UYT" duration-ms="1869" status="PASS">
          <reporter-output>
          </reporter-output>
        </test-method> <!-- afterMethod -->
        <test-method is-config="true" signature="afterClass()[pri:0, instance:com.qa.tests.ProductTest@74ea2410]" started-at="2022-05-23T19:12:03 UYT" name="afterClass" finished-at="2022-05-23T19:12:03 UYT" duration-ms="0" status="PASS">
          <reporter-output>
          </reporter-output>
        </test-method> <!-- afterClass -->
        <test-method is-config="true" signature="afterTest()[pri:0, instance:com.qa.tests.ProductTest@74ea2410]" started-at="2022-05-23T19:12:03 UYT" name="afterTest" finished-at="2022-05-23T19:12:04 UYT" duration-ms="982" status="PASS">
          <reporter-output>
          </reporter-output>
        </test-method> <!-- afterTest -->
      </class> <!-- com.qa.tests.ProductTest -->
    </test> <!-- Test_clara -->
  </suite> <!-- Suite -->
</testng-results>
