<?xml version="1.0" encoding="UTF-8"?>
<testng-results ignored="0" total="3" passed="3" failed="0" skipped="0">
  <reporter-output>
  </reporter-output>
  <suite started-at="2022-05-17T14:18:49 UYT" name="Suite" finished-at="2022-05-17T14:19:05 UYT" duration-ms="15967">
    <groups>
    </groups>
    <test started-at="2022-05-17T14:18:49 UYT" name="Pixel_2" finished-at="2022-05-17T14:19:05 UYT" duration-ms="15967">
      <class name="com.qa.tests.LoginTests">
        <test-method is-config="true" signature="beforeTest(java.lang.String,java.lang.String,java.lang.String,java.lang.String)[pri:0, instance:com.qa.tests.LoginTests@26d9b808]" started-at="2022-05-17T14:18:49 UYT" name="beforeTest" finished-at="2022-05-17T14:18:55 UYT" duration-ms="6121" status="PASS">
          <params>
            <param index="0">
              <value>
                <![CDATA[Android]]>
              </value>
            </param>
            <param index="1">
              <value>
                <![CDATA[emulator-5554]]>
              </value>
            </param>
            <param index="2">
              <value>
                <![CDATA[pixel_3]]>
              </value>
            </param>
            <param index="3">
              <value>
                <![CDATA[Pixel5_Android11]]>
              </value>
            </param>
          </params>
          <reporter-output>
          </reporter-output>
        </test-method> <!-- beforeTest -->
        <test-method is-config="true" signature="beforeClass()[pri:0, instance:com.qa.tests.LoginTests@26d9b808]" started-at="2022-05-17T14:18:55 UYT" name="beforeClass" finished-at="2022-05-17T14:18:55 UYT" duration-ms="6" status="PASS">
          <reporter-output>
          </reporter-output>
        </test-method> <!-- beforeClass -->
        <test-method is-config="true" signature="beforeMethod(java.lang.reflect.Method)[pri:0, instance:com.qa.tests.LoginTests@26d9b808]" started-at="2022-05-17T14:18:55 UYT" name="beforeMethod" finished-at="2022-05-17T14:18:55 UYT" duration-ms="139" status="PASS">
          <params>
            <param index="0">
              <value>
                <![CDATA[public void com.qa.tests.LoginTests.invalidPassword()]]>
              </value>
            </param>
          </params>
          <reporter-output>
          </reporter-output>
        </test-method> <!-- beforeMethod -->
        <test-method signature="invalidPassword()[pri:0, instance:com.qa.tests.LoginTests@26d9b808]" started-at="2022-05-17T14:18:55 UYT" name="invalidPassword" finished-at="2022-05-17T14:18:59 UYT" duration-ms="3932" status="PASS">
          <reporter-output>
          </reporter-output>
        </test-method> <!-- invalidPassword -->
        <test-method is-config="true" signature="afterMethod()[pri:0, instance:com.qa.tests.LoginTests@26d9b808]" started-at="2022-05-17T14:18:59 UYT" name="afterMethod" finished-at="2022-05-17T14:18:59 UYT" duration-ms="1" status="PASS">
          <reporter-output>
          </reporter-output>
        </test-method> <!-- afterMethod -->
        <test-method is-config="true" signature="beforeMethod(java.lang.reflect.Method)[pri:0, instance:com.qa.tests.LoginTests@26d9b808]" started-at="2022-05-17T14:18:59 UYT" name="beforeMethod" finished-at="2022-05-17T14:18:59 UYT" duration-ms="2" status="PASS">
          <params>
            <param index="0">
              <value>
                <![CDATA[public void com.qa.tests.LoginTests.invalidUserName()]]>
              </value>
            </param>
          </params>
          <reporter-output>
          </reporter-output>
        </test-method> <!-- beforeMethod -->
        <test-method signature="invalidUserName()[pri:0, instance:com.qa.tests.LoginTests@26d9b808]" started-at="2022-05-17T14:18:59 UYT" name="invalidUserName" finished-at="2022-05-17T14:19:02 UYT" duration-ms="2463" status="PASS">
          <reporter-output>
          </reporter-output>
        </test-method> <!-- invalidUserName -->
        <test-method is-config="true" signature="afterMethod()[pri:0, instance:com.qa.tests.LoginTests@26d9b808]" started-at="2022-05-17T14:19:02 UYT" name="afterMethod" finished-at="2022-05-17T14:19:02 UYT" duration-ms="0" status="PASS">
          <reporter-output>
          </reporter-output>
        </test-method> <!-- afterMethod -->
        <test-method is-config="true" signature="beforeMethod(java.lang.reflect.Method)[pri:0, instance:com.qa.tests.LoginTests@26d9b808]" started-at="2022-05-17T14:19:02 UYT" name="beforeMethod" finished-at="2022-05-17T14:19:02 UYT" duration-ms="0" status="PASS">
          <params>
            <param index="0">
              <value>
                <![CDATA[public void com.qa.tests.LoginTests.successfulLogin()]]>
              </value>
            </param>
          </params>
          <reporter-output>
          </reporter-output>
        </test-method> <!-- beforeMethod -->
        <test-method signature="successfulLogin()[pri:0, instance:com.qa.tests.LoginTests@26d9b808]" started-at="2022-05-17T14:19:02 UYT" name="successfulLogin" finished-at="2022-05-17T14:19:05 UYT" duration-ms="3053" status="PASS">
          <reporter-output>
          </reporter-output>
        </test-method> <!-- successfulLogin -->
        <test-method is-config="true" signature="afterMethod()[pri:0, instance:com.qa.tests.LoginTests@26d9b808]" started-at="2022-05-17T14:19:05 UYT" name="afterMethod" finished-at="2022-05-17T14:19:05 UYT" duration-ms="0" status="PASS">
          <reporter-output>
          </reporter-output>
        </test-method> <!-- afterMethod -->
        <test-method is-config="true" signature="afterClass()[pri:0, instance:com.qa.tests.LoginTests@26d9b808]" started-at="2022-05-17T14:19:05 UYT" name="afterClass" finished-at="2022-05-17T14:19:05 UYT" duration-ms="0" status="PASS">
          <reporter-output>
          </reporter-output>
        </test-method> <!-- afterClass -->
        <test-method is-config="true" signature="afterTest()[pri:0, instance:com.qa.tests.LoginTests@26d9b808]" started-at="2022-05-17T14:19:05 UYT" name="afterTest" finished-at="2022-05-17T14:19:05 UYT" duration-ms="221" status="PASS">
          <reporter-output>
          </reporter-output>
        </test-method> <!-- afterTest -->
      </class> <!-- com.qa.tests.LoginTests -->
    </test> <!-- Pixel_2 -->
  </suite> <!-- Suite -->
</testng-results>
