<?xml version="1.0" encoding="UTF-8"?>
<testng-results ignored="4" total="10" passed="0" failed="0" skipped="6">
  <reporter-output>
  </reporter-output>
  <suite started-at="2022-05-29T01:41:56 UYT" name="Suite" finished-at="2022-05-29T01:41:56 UYT" duration-ms="478">
    <groups>
    </groups>
    <test started-at="2022-05-29T01:41:56 UYT" name="Test_clara" finished-at="2022-05-29T01:41:56 UYT" duration-ms="478">
      <class name="com.qa.tests.LogoutTest">
        <test-method is-config="true" signature="beforeClass()[pri:0, instance:com.qa.tests.LogoutTest@5fdcaa40]" started-at="2022-05-29T01:41:56 UYT" name="beforeClass" finished-at="2022-05-29T01:41:56 UYT" duration-ms="1" status="PASS">
          <reporter-output>
          </reporter-output>
        </test-method> <!-- beforeClass -->
        <test-method is-config="true" signature="beforeMethod()[pri:0, instance:com.qa.tests.LogoutTest@5fdcaa40]" started-at="2022-05-29T01:41:56 UYT" name="beforeMethod" finished-at="2022-05-29T01:41:56 UYT" duration-ms="1" status="FAIL">
          <exception class="java.lang.NullPointerException">
            <message>
              <![CDATA[Cannot invoke "io.appium.java_client.screenrecording.CanRecordScreen.startRecordingScreen()" because "com.qa.BaseTest.driver" is null]]>
            </message>
            <full-stacktrace>
              <![CDATA[java.lang.NullPointerException: Cannot invoke "io.appium.java_client.screenrecording.CanRecordScreen.startRecordingScreen()" because "com.qa.BaseTest.driver" is null
at com.qa.BaseTest.beforeMethod(BaseTest.java:70)
at java.base/jdk.internal.reflect.DirectMethodHandleAccessor.invoke(DirectMethodHandleAccessor.java:104)
at java.base/java.lang.reflect.Method.invoke(Method.java:577)
at org.testng.internal.MethodInvocationHelper.invokeMethod(MethodInvocationHelper.java:133)
at org.testng.internal.MethodInvocationHelper.invokeMethodConsideringTimeout(MethodInvocationHelper.java:62)
at org.testng.internal.ConfigInvoker.invokeConfigurationMethod(ConfigInvoker.java:385)
at org.testng.internal.ConfigInvoker.invokeConfigurations(ConfigInvoker.java:321)
at org.testng.internal.TestInvoker.runConfigMethods(TestInvoker.java:700)
at org.testng.internal.TestInvoker.invokeMethod(TestInvoker.java:527)
at org.testng.internal.TestInvoker.invokeTestMethod(TestInvoker.java:173)
at org.testng.internal.MethodRunner.runInSequence(MethodRunner.java:46)
at org.testng.internal.TestInvoker$MethodInvocationAgent.invoke(TestInvoker.java:824)
at org.testng.internal.TestInvoker.invokeTestMethods(TestInvoker.java:146)
at org.testng.internal.TestMethodWorker.invokeTestMethods(TestMethodWorker.java:146)
at org.testng.internal.TestMethodWorker.run(TestMethodWorker.java:128)
at java.base/java.util.ArrayList.forEach(ArrayList.java:1511)
at org.testng.TestRunner.privateRun(TestRunner.java:794)
at org.testng.TestRunner.run(TestRunner.java:596)
at org.testng.SuiteRunner.runTest(SuiteRunner.java:377)
at org.testng.SuiteRunner.access$000(SuiteRunner.java:28)
at org.testng.SuiteRunner$SuiteWorker.run(SuiteRunner.java:418)
at org.testng.internal.thread.ThreadUtil.lambda$execute$0(ThreadUtil.java:64)
at java.base/java.util.concurrent.FutureTask.run(FutureTask.java:264)
at java.base/java.util.concurrent.ThreadPoolExecutor.runWorker(ThreadPoolExecutor.java:1136)
at java.base/java.util.concurrent.ThreadPoolExecutor$Worker.run(ThreadPoolExecutor.java:635)
at java.base/java.lang.Thread.run(Thread.java:833)
]]>
            </full-stacktrace>
          </exception> <!-- java.lang.NullPointerException -->
          <reporter-output>
          </reporter-output>
        </test-method> <!-- beforeMethod -->
        <test-method is-config="true" signature="beforeMethod(java.lang.reflect.Method)[pri:0, instance:com.qa.tests.LogoutTest@5fdcaa40]" started-at="2022-05-29T01:41:56 UYT" name="beforeMethod" finished-at="1969-12-31T21:00:00 UYT" duration-ms="-1653799316596" status="SKIP">
          <reporter-output>
          </reporter-output>
        </test-method> <!-- beforeMethod -->
        <test-method signature="successfulLogout()[pri:0, instance:com.qa.tests.LogoutTest@5fdcaa40]" started-at="2022-05-29T01:41:56 UYT" name="successfulLogout" finished-at="2022-05-29T01:41:56 UYT" duration-ms="0" status="SKIP">
          <exception class="java.lang.NullPointerException">
            <message>
              <![CDATA[Cannot invoke "io.appium.java_client.screenrecording.CanRecordScreen.startRecordingScreen()" because "com.qa.BaseTest.driver" is null]]>
            </message>
            <full-stacktrace>
              <![CDATA[java.lang.NullPointerException: Cannot invoke "io.appium.java_client.screenrecording.CanRecordScreen.startRecordingScreen()" because "com.qa.BaseTest.driver" is null
at com.qa.BaseTest.beforeMethod(BaseTest.java:70)
at java.base/jdk.internal.reflect.DirectMethodHandleAccessor.invoke(DirectMethodHandleAccessor.java:104)
at java.base/java.lang.reflect.Method.invoke(Method.java:577)
at org.testng.internal.MethodInvocationHelper.invokeMethod(MethodInvocationHelper.java:133)
at org.testng.internal.MethodInvocationHelper.invokeMethodConsideringTimeout(MethodInvocationHelper.java:62)
at org.testng.internal.ConfigInvoker.invokeConfigurationMethod(ConfigInvoker.java:385)
at org.testng.internal.ConfigInvoker.invokeConfigurations(ConfigInvoker.java:321)
at org.testng.internal.TestInvoker.runConfigMethods(TestInvoker.java:700)
at org.testng.internal.TestInvoker.invokeMethod(TestInvoker.java:527)
at org.testng.internal.TestInvoker.invokeTestMethod(TestInvoker.java:173)
at org.testng.internal.MethodRunner.runInSequence(MethodRunner.java:46)
at org.testng.internal.TestInvoker$MethodInvocationAgent.invoke(TestInvoker.java:824)
at org.testng.internal.TestInvoker.invokeTestMethods(TestInvoker.java:146)
at org.testng.internal.TestMethodWorker.invokeTestMethods(TestMethodWorker.java:146)
at org.testng.internal.TestMethodWorker.run(TestMethodWorker.java:128)
at java.base/java.util.ArrayList.forEach(ArrayList.java:1511)
at org.testng.TestRunner.privateRun(TestRunner.java:794)
at org.testng.TestRunner.run(TestRunner.java:596)
at org.testng.SuiteRunner.runTest(SuiteRunner.java:377)
at org.testng.SuiteRunner.access$000(SuiteRunner.java:28)
at org.testng.SuiteRunner$SuiteWorker.run(SuiteRunner.java:418)
at org.testng.internal.thread.ThreadUtil.lambda$execute$0(ThreadUtil.java:64)
at java.base/java.util.concurrent.FutureTask.run(FutureTask.java:264)
at java.base/java.util.concurrent.ThreadPoolExecutor.runWorker(ThreadPoolExecutor.java:1136)
at java.base/java.util.concurrent.ThreadPoolExecutor$Worker.run(ThreadPoolExecutor.java:635)
at java.base/java.lang.Thread.run(Thread.java:833)
]]>
            </full-stacktrace>
          </exception> <!-- java.lang.NullPointerException -->
          <reporter-output>
          </reporter-output>
        </test-method> <!-- successfulLogout -->
        <test-method is-config="true" signature="afterMethod()[pri:0, instance:com.qa.tests.LogoutTest@5fdcaa40]" started-at="2022-05-29T01:41:56 UYT" name="afterMethod" finished-at="1969-12-31T21:00:00 UYT" duration-ms="-1653799316599" status="SKIP">
          <reporter-output>
          </reporter-output>
        </test-method> <!-- afterMethod -->
        <test-method is-config="true" signature="afterMethod(org.testng.ITestResult)[pri:0, instance:com.qa.tests.LogoutTest@5fdcaa40]" started-at="2022-05-29T01:41:56 UYT" name="afterMethod" finished-at="1969-12-31T21:00:00 UYT" duration-ms="-1653799316600" status="SKIP">
          <reporter-output>
          </reporter-output>
        </test-method> <!-- afterMethod -->
        <test-method is-config="true" signature="afterClass()[pri:0, instance:com.qa.tests.LogoutTest@5fdcaa40]" started-at="2022-05-29T01:41:56 UYT" name="afterClass" finished-at="1969-12-31T21:00:00 UYT" duration-ms="-1653799316601" status="SKIP">
          <reporter-output>
          </reporter-output>
        </test-method> <!-- afterClass -->
      </class> <!-- com.qa.tests.LogoutTest -->
      <class name="com.qa.tests.LoginTests">
        <test-method is-config="true" signature="beforeTest(java.lang.String,java.lang.String,java.lang.String,java.lang.String,java.lang.String,java.lang.String,java.lang.String)[pri:0, instance:com.qa.tests.LoginTests@1afd44cb]" started-at="2022-05-29T01:41:56 UYT" name="beforeTest" finished-at="2022-05-29T01:41:56 UYT" duration-ms="397" status="PASS">
          <params>
            <param index="0">
              <value>
                <![CDATA[Android]]>
              </value>
            </param>
            <param index="1">
              <value>
                <![CDATA[emulator-5554]]>
              </value>
            </param>
            <param index="2">
              <value>
                <![CDATA[pixel_3]]>
              </value>
            </param>
            <param index="3">
              <value>
                <![CDATA[AndroidCurso]]>
              </value>
            </param>
            <param index="4">
              <value>
                <![CDATA[true]]>
              </value>
            </param>
            <param index="5">
              <value>
                <![CDATA[ ]]>
              </value>
            </param>
            <param index="6">
              <value>
                <![CDATA[ ]]>
              </value>
            </param>
          </params>
          <reporter-output>
          </reporter-output>
        </test-method> <!-- beforeTest -->
        <test-method is-config="true" signature="beforeClass()[pri:0, instance:com.qa.tests.LoginTests@1afd44cb]" started-at="2022-05-29T01:41:56 UYT" name="beforeClass" finished-at="2022-05-29T01:41:56 UYT" duration-ms="4" status="FAIL">
          <exception class="java.lang.NullPointerException">
            <message>
              <![CDATA[Cannot invoke "io.appium.java_client.InteractsWithApps.closeApp()" because "com.qa.BaseTest.driver" is null]]>
            </message>
            <full-stacktrace>
              <![CDATA[java.lang.NullPointerException: Cannot invoke "io.appium.java_client.InteractsWithApps.closeApp()" because "com.qa.BaseTest.driver" is null
at com.qa.BaseTest.closeApp(BaseTest.java:267)
at com.qa.tests.LoginTests.beforeClass(LoginTests.java:53)
at java.base/jdk.internal.reflect.DirectMethodHandleAccessor.invoke(DirectMethodHandleAccessor.java:104)
at java.base/java.lang.reflect.Method.invoke(Method.java:577)
at org.testng.internal.MethodInvocationHelper.invokeMethod(MethodInvocationHelper.java:133)
at org.testng.internal.MethodInvocationHelper.invokeMethodConsideringTimeout(MethodInvocationHelper.java:62)
at org.testng.internal.ConfigInvoker.invokeConfigurationMethod(ConfigInvoker.java:385)
at org.testng.internal.ConfigInvoker.invokeConfigurations(ConfigInvoker.java:321)
at org.testng.internal.TestMethodWorker.invokeBeforeClassMethods(TestMethodWorker.java:176)
at org.testng.internal.TestMethodWorker.run(TestMethodWorker.java:122)
at java.base/java.util.ArrayList.forEach(ArrayList.java:1511)
at org.testng.TestRunner.privateRun(TestRunner.java:794)
at org.testng.TestRunner.run(TestRunner.java:596)
at org.testng.SuiteRunner.runTest(SuiteRunner.java:377)
at org.testng.SuiteRunner.access$000(SuiteRunner.java:28)
at org.testng.SuiteRunner$SuiteWorker.run(SuiteRunner.java:418)
at org.testng.internal.thread.ThreadUtil.lambda$execute$0(ThreadUtil.java:64)
at java.base/java.util.concurrent.FutureTask.run(FutureTask.java:264)
at java.base/java.util.concurrent.ThreadPoolExecutor.runWorker(ThreadPoolExecutor.java:1136)
at java.base/java.util.concurrent.ThreadPoolExecutor$Worker.run(ThreadPoolExecutor.java:635)
at java.base/java.lang.Thread.run(Thread.java:833)
]]>
            </full-stacktrace>
          </exception> <!-- java.lang.NullPointerException -->
          <reporter-output>
          </reporter-output>
        </test-method> <!-- beforeClass -->
        <test-method is-config="true" signature="beforeMethod()[pri:0, instance:com.qa.tests.LoginTests@1afd44cb]" started-at="2022-05-29T01:41:56 UYT" name="beforeMethod" finished-at="1969-12-31T21:00:00 UYT" duration-ms="-1653799316573" status="SKIP">
          <reporter-output>
          </reporter-output>
        </test-method> <!-- beforeMethod -->
        <test-method is-config="true" signature="beforeMethod(java.lang.reflect.Method)[pri:0, instance:com.qa.tests.LoginTests@1afd44cb]" started-at="2022-05-29T01:41:56 UYT" name="beforeMethod" finished-at="1969-12-31T21:00:00 UYT" duration-ms="-1653799316574" status="SKIP">
          <reporter-output>
          </reporter-output>
        </test-method> <!-- beforeMethod -->
        <test-method signature="invalidPassword()[pri:0, instance:com.qa.tests.LoginTests@1afd44cb]" started-at="2022-05-29T01:41:56 UYT" name="invalidPassword" finished-at="2022-05-29T01:41:56 UYT" duration-ms="0" status="SKIP">
          <exception class="java.lang.NullPointerException">
            <message>
              <![CDATA[Cannot invoke "io.appium.java_client.InteractsWithApps.closeApp()" because "com.qa.BaseTest.driver" is null]]>
            </message>
            <full-stacktrace>
              <![CDATA[java.lang.NullPointerException: Cannot invoke "io.appium.java_client.InteractsWithApps.closeApp()" because "com.qa.BaseTest.driver" is null
at com.qa.BaseTest.closeApp(BaseTest.java:267)
at com.qa.tests.LoginTests.beforeClass(LoginTests.java:53)
at java.base/jdk.internal.reflect.DirectMethodHandleAccessor.invoke(DirectMethodHandleAccessor.java:104)
at java.base/java.lang.reflect.Method.invoke(Method.java:577)
at org.testng.internal.MethodInvocationHelper.invokeMethod(MethodInvocationHelper.java:133)
at org.testng.internal.MethodInvocationHelper.invokeMethodConsideringTimeout(MethodInvocationHelper.java:62)
at org.testng.internal.ConfigInvoker.invokeConfigurationMethod(ConfigInvoker.java:385)
at org.testng.internal.ConfigInvoker.invokeConfigurations(ConfigInvoker.java:321)
at org.testng.internal.TestMethodWorker.invokeBeforeClassMethods(TestMethodWorker.java:176)
at org.testng.internal.TestMethodWorker.run(TestMethodWorker.java:122)
at java.base/java.util.ArrayList.forEach(ArrayList.java:1511)
at org.testng.TestRunner.privateRun(TestRunner.java:794)
at org.testng.TestRunner.run(TestRunner.java:596)
at org.testng.SuiteRunner.runTest(SuiteRunner.java:377)
at org.testng.SuiteRunner.access$000(SuiteRunner.java:28)
at org.testng.SuiteRunner$SuiteWorker.run(SuiteRunner.java:418)
at org.testng.internal.thread.ThreadUtil.lambda$execute$0(ThreadUtil.java:64)
at java.base/java.util.concurrent.FutureTask.run(FutureTask.java:264)
at java.base/java.util.concurrent.ThreadPoolExecutor.runWorker(ThreadPoolExecutor.java:1136)
at java.base/java.util.concurrent.ThreadPoolExecutor$Worker.run(ThreadPoolExecutor.java:635)
at java.base/java.lang.Thread.run(Thread.java:833)
]]>
            </full-stacktrace>
          </exception> <!-- java.lang.NullPointerException -->
          <reporter-output>
          </reporter-output>
        </test-method> <!-- invalidPassword -->
        <test-method is-config="true" signature="afterMethod()[pri:0, instance:com.qa.tests.LoginTests@1afd44cb]" started-at="2022-05-29T01:41:56 UYT" name="afterMethod" finished-at="1969-12-31T21:00:00 UYT" duration-ms="-1653799316578" status="SKIP">
          <reporter-output>
          </reporter-output>
        </test-method> <!-- afterMethod -->
        <test-method is-config="true" signature="afterMethod(org.testng.ITestResult)[pri:0, instance:com.qa.tests.LoginTests@1afd44cb]" started-at="2022-05-29T01:41:56 UYT" name="afterMethod" finished-at="1969-12-31T21:00:00 UYT" duration-ms="-1653799316579" status="SKIP">
          <reporter-output>
          </reporter-output>
        </test-method> <!-- afterMethod -->
        <test-method is-config="true" signature="beforeMethod()[pri:0, instance:com.qa.tests.LoginTests@1afd44cb]" started-at="2022-05-29T01:41:56 UYT" name="beforeMethod" finished-at="1969-12-31T21:00:00 UYT" duration-ms="-1653799316581" status="SKIP">
          <reporter-output>
          </reporter-output>
        </test-method> <!-- beforeMethod -->
        <test-method is-config="true" signature="beforeMethod(java.lang.reflect.Method)[pri:0, instance:com.qa.tests.LoginTests@1afd44cb]" started-at="2022-05-29T01:41:56 UYT" name="beforeMethod" finished-at="1969-12-31T21:00:00 UYT" duration-ms="-1653799316582" status="SKIP">
          <reporter-output>
          </reporter-output>
        </test-method> <!-- beforeMethod -->
        <test-method signature="invalidUserName()[pri:0, instance:com.qa.tests.LoginTests@1afd44cb]" started-at="2022-05-29T01:41:56 UYT" name="invalidUserName" finished-at="2022-05-29T01:41:56 UYT" duration-ms="0" status="SKIP">
          <exception class="java.lang.NullPointerException">
            <message>
              <![CDATA[Cannot invoke "io.appium.java_client.InteractsWithApps.closeApp()" because "com.qa.BaseTest.driver" is null]]>
            </message>
            <full-stacktrace>
              <![CDATA[java.lang.NullPointerException: Cannot invoke "io.appium.java_client.InteractsWithApps.closeApp()" because "com.qa.BaseTest.driver" is null
at com.qa.BaseTest.closeApp(BaseTest.java:267)
at com.qa.tests.LoginTests.beforeClass(LoginTests.java:53)
at java.base/jdk.internal.reflect.DirectMethodHandleAccessor.invoke(DirectMethodHandleAccessor.java:104)
at java.base/java.lang.reflect.Method.invoke(Method.java:577)
at org.testng.internal.MethodInvocationHelper.invokeMethod(MethodInvocationHelper.java:133)
at org.testng.internal.MethodInvocationHelper.invokeMethodConsideringTimeout(MethodInvocationHelper.java:62)
at org.testng.internal.ConfigInvoker.invokeConfigurationMethod(ConfigInvoker.java:385)
at org.testng.internal.ConfigInvoker.invokeConfigurations(ConfigInvoker.java:321)
at org.testng.internal.TestMethodWorker.invokeBeforeClassMethods(TestMethodWorker.java:176)
at org.testng.internal.TestMethodWorker.run(TestMethodWorker.java:122)
at java.base/java.util.ArrayList.forEach(ArrayList.java:1511)
at org.testng.TestRunner.privateRun(TestRunner.java:794)
at org.testng.TestRunner.run(TestRunner.java:596)
at org.testng.SuiteRunner.runTest(SuiteRunner.java:377)
at org.testng.SuiteRunner.access$000(SuiteRunner.java:28)
at org.testng.SuiteRunner$SuiteWorker.run(SuiteRunner.java:418)
at org.testng.internal.thread.ThreadUtil.lambda$execute$0(ThreadUtil.java:64)
at java.base/java.util.concurrent.FutureTask.run(FutureTask.java:264)
at java.base/java.util.concurrent.ThreadPoolExecutor.runWorker(ThreadPoolExecutor.java:1136)
at java.base/java.util.concurrent.ThreadPoolExecutor$Worker.run(ThreadPoolExecutor.java:635)
at java.base/java.lang.Thread.run(Thread.java:833)
]]>
            </full-stacktrace>
          </exception> <!-- java.lang.NullPointerException -->
          <reporter-output>
          </reporter-output>
        </test-method> <!-- invalidUserName -->
        <test-method is-config="true" signature="afterMethod()[pri:0, instance:com.qa.tests.LoginTests@1afd44cb]" started-at="2022-05-29T01:41:56 UYT" name="afterMethod" finished-at="1969-12-31T21:00:00 UYT" duration-ms="-1653799316584" status="SKIP">
          <reporter-output>
          </reporter-output>
        </test-method> <!-- afterMethod -->
        <test-method is-config="true" signature="afterMethod(org.testng.ITestResult)[pri:0, instance:com.qa.tests.LoginTests@1afd44cb]" started-at="2022-05-29T01:41:56 UYT" name="afterMethod" finished-at="1969-12-31T21:00:00 UYT" duration-ms="-1653799316585" status="SKIP">
          <reporter-output>
          </reporter-output>
        </test-method> <!-- afterMethod -->
        <test-method is-config="true" signature="beforeMethod(java.lang.reflect.Method)[pri:0, instance:com.qa.tests.LoginTests@1afd44cb]" started-at="2022-05-29T01:41:56 UYT" name="beforeMethod" finished-at="1969-12-31T21:00:00 UYT" duration-ms="-1653799316587" status="SKIP">
          <reporter-output>
          </reporter-output>
        </test-method> <!-- beforeMethod -->
        <test-method is-config="true" signature="beforeMethod()[pri:0, instance:com.qa.tests.LoginTests@1afd44cb]" started-at="2022-05-29T01:41:56 UYT" name="beforeMethod" finished-at="1969-12-31T21:00:00 UYT" duration-ms="-1653799316587" status="SKIP">
          <reporter-output>
          </reporter-output>
        </test-method> <!-- beforeMethod -->
        <test-method signature="successfulLogin()[pri:0, instance:com.qa.tests.LoginTests@1afd44cb]" started-at="2022-05-29T01:41:56 UYT" name="successfulLogin" finished-at="2022-05-29T01:41:56 UYT" duration-ms="0" status="SKIP">
          <exception class="java.lang.NullPointerException">
            <message>
              <![CDATA[Cannot invoke "io.appium.java_client.InteractsWithApps.closeApp()" because "com.qa.BaseTest.driver" is null]]>
            </message>
            <full-stacktrace>
              <![CDATA[java.lang.NullPointerException: Cannot invoke "io.appium.java_client.InteractsWithApps.closeApp()" because "com.qa.BaseTest.driver" is null
at com.qa.BaseTest.closeApp(BaseTest.java:267)
at com.qa.tests.LoginTests.beforeClass(LoginTests.java:53)
at java.base/jdk.internal.reflect.DirectMethodHandleAccessor.invoke(DirectMethodHandleAccessor.java:104)
at java.base/java.lang.reflect.Method.invoke(Method.java:577)
at org.testng.internal.MethodInvocationHelper.invokeMethod(MethodInvocationHelper.java:133)
at org.testng.internal.MethodInvocationHelper.invokeMethodConsideringTimeout(MethodInvocationHelper.java:62)
at org.testng.internal.ConfigInvoker.invokeConfigurationMethod(ConfigInvoker.java:385)
at org.testng.internal.ConfigInvoker.invokeConfigurations(ConfigInvoker.java:321)
at org.testng.internal.TestMethodWorker.invokeBeforeClassMethods(TestMethodWorker.java:176)
at org.testng.internal.TestMethodWorker.run(TestMethodWorker.java:122)
at java.base/java.util.ArrayList.forEach(ArrayList.java:1511)
at org.testng.TestRunner.privateRun(TestRunner.java:794)
at org.testng.TestRunner.run(TestRunner.java:596)
at org.testng.SuiteRunner.runTest(SuiteRunner.java:377)
at org.testng.SuiteRunner.access$000(SuiteRunner.java:28)
at org.testng.SuiteRunner$SuiteWorker.run(SuiteRunner.java:418)
at org.testng.internal.thread.ThreadUtil.lambda$execute$0(ThreadUtil.java:64)
at java.base/java.util.concurrent.FutureTask.run(FutureTask.java:264)
at java.base/java.util.concurrent.ThreadPoolExecutor.runWorker(ThreadPoolExecutor.java:1136)
at java.base/java.util.concurrent.ThreadPoolExecutor$Worker.run(ThreadPoolExecutor.java:635)
at java.base/java.lang.Thread.run(Thread.java:833)
]]>
            </full-stacktrace>
          </exception> <!-- java.lang.NullPointerException -->
          <reporter-output>
          </reporter-output>
        </test-method> <!-- successfulLogin -->
        <test-method is-config="true" signature="afterMethod()[pri:0, instance:com.qa.tests.LoginTests@1afd44cb]" started-at="2022-05-29T01:41:56 UYT" name="afterMethod" finished-at="1969-12-31T21:00:00 UYT" duration-ms="-1653799316590" status="SKIP">
          <reporter-output>
          </reporter-output>
        </test-method> <!-- afterMethod -->
        <test-method is-config="true" signature="afterMethod(org.testng.ITestResult)[pri:0, instance:com.qa.tests.LoginTests@1afd44cb]" started-at="2022-05-29T01:41:56 UYT" name="afterMethod" finished-at="1969-12-31T21:00:00 UYT" duration-ms="-1653799316591" status="SKIP">
          <reporter-output>
          </reporter-output>
        </test-method> <!-- afterMethod -->
        <test-method is-config="true" signature="afterClass()[pri:0, instance:com.qa.tests.LoginTests@1afd44cb]" started-at="2022-05-29T01:41:56 UYT" name="afterClass" finished-at="1969-12-31T21:00:00 UYT" duration-ms="-1653799316592" status="SKIP">
          <reporter-output>
          </reporter-output>
        </test-method> <!-- afterClass -->
        <test-method is-config="true" signature="afterTest()[pri:0, instance:com.qa.tests.LoginTests@1afd44cb]" started-at="2022-05-29T01:41:56 UYT" name="afterTest" finished-at="1969-12-31T21:00:00 UYT" duration-ms="-1653799316624" status="SKIP">
          <reporter-output>
          </reporter-output>
        </test-method> <!-- afterTest -->
      </class> <!-- com.qa.tests.LoginTests -->
      <class name="com.qa.tests.ProductTest">
        <test-method is-config="true" signature="beforeClass()[pri:0, instance:com.qa.tests.ProductTest@6dc17b83]" started-at="2022-05-29T01:41:56 UYT" name="beforeClass" finished-at="2022-05-29T01:41:56 UYT" duration-ms="1" status="FAIL">
          <exception class="java.lang.NullPointerException">
            <message>
              <![CDATA[Cannot invoke "io.appium.java_client.InteractsWithApps.closeApp()" because "com.qa.BaseTest.driver" is null]]>
            </message>
            <full-stacktrace>
              <![CDATA[java.lang.NullPointerException: Cannot invoke "io.appium.java_client.InteractsWithApps.closeApp()" because "com.qa.BaseTest.driver" is null
at com.qa.BaseTest.closeApp(BaseTest.java:267)
at com.qa.tests.ProductTest.beforeClass(ProductTest.java:61)
at java.base/jdk.internal.reflect.DirectMethodHandleAccessor.invoke(DirectMethodHandleAccessor.java:104)
at java.base/java.lang.reflect.Method.invoke(Method.java:577)
at org.testng.internal.MethodInvocationHelper.invokeMethod(MethodInvocationHelper.java:133)
at org.testng.internal.MethodInvocationHelper.invokeMethodConsideringTimeout(MethodInvocationHelper.java:62)
at org.testng.internal.ConfigInvoker.invokeConfigurationMethod(ConfigInvoker.java:385)
at org.testng.internal.ConfigInvoker.invokeConfigurations(ConfigInvoker.java:321)
at org.testng.internal.TestMethodWorker.invokeBeforeClassMethods(TestMethodWorker.java:176)
at org.testng.internal.TestMethodWorker.run(TestMethodWorker.java:122)
at java.base/java.util.ArrayList.forEach(ArrayList.java:1511)
at org.testng.TestRunner.privateRun(TestRunner.java:794)
at org.testng.TestRunner.run(TestRunner.java:596)
at org.testng.SuiteRunner.runTest(SuiteRunner.java:377)
at org.testng.SuiteRunner.access$000(SuiteRunner.java:28)
at org.testng.SuiteRunner$SuiteWorker.run(SuiteRunner.java:418)
at org.testng.internal.thread.ThreadUtil.lambda$execute$0(ThreadUtil.java:64)
at java.base/java.util.concurrent.FutureTask.run(FutureTask.java:264)
at java.base/java.util.concurrent.ThreadPoolExecutor.runWorker(ThreadPoolExecutor.java:1136)
at java.base/java.util.concurrent.ThreadPoolExecutor$Worker.run(ThreadPoolExecutor.java:635)
at java.base/java.lang.Thread.run(Thread.java:833)
]]>
            </full-stacktrace>
          </exception> <!-- java.lang.NullPointerException -->
          <reporter-output>
          </reporter-output>
        </test-method> <!-- beforeClass -->
        <test-method is-config="true" signature="beforeMethod()[pri:0, instance:com.qa.tests.ProductTest@6dc17b83]" started-at="2022-05-29T01:41:56 UYT" name="beforeMethod" finished-at="1969-12-31T21:00:00 UYT" duration-ms="-1653799316604" status="SKIP">
          <reporter-output>
          </reporter-output>
        </test-method> <!-- beforeMethod -->
        <test-method is-config="true" signature="beforeMethod(java.lang.reflect.Method)[pri:0, instance:com.qa.tests.ProductTest@6dc17b83]" started-at="2022-05-29T01:41:56 UYT" name="beforeMethod" finished-at="1969-12-31T21:00:00 UYT" duration-ms="-1653799316605" status="SKIP">
          <reporter-output>
          </reporter-output>
        </test-method> <!-- beforeMethod -->
        <test-method signature="validateProductOnProductDetails()[pri:0, instance:com.qa.tests.ProductTest@6dc17b83]" started-at="2022-05-29T01:41:56 UYT" name="validateProductOnProductDetails" finished-at="2022-05-29T01:41:56 UYT" duration-ms="0" status="SKIP">
          <exception class="java.lang.NullPointerException">
            <message>
              <![CDATA[Cannot invoke "io.appium.java_client.InteractsWithApps.closeApp()" because "com.qa.BaseTest.driver" is null]]>
            </message>
            <full-stacktrace>
              <![CDATA[java.lang.NullPointerException: Cannot invoke "io.appium.java_client.InteractsWithApps.closeApp()" because "com.qa.BaseTest.driver" is null
at com.qa.BaseTest.closeApp(BaseTest.java:267)
at com.qa.tests.ProductTest.beforeClass(ProductTest.java:61)
at java.base/jdk.internal.reflect.DirectMethodHandleAccessor.invoke(DirectMethodHandleAccessor.java:104)
at java.base/java.lang.reflect.Method.invoke(Method.java:577)
at org.testng.internal.MethodInvocationHelper.invokeMethod(MethodInvocationHelper.java:133)
at org.testng.internal.MethodInvocationHelper.invokeMethodConsideringTimeout(MethodInvocationHelper.java:62)
at org.testng.internal.ConfigInvoker.invokeConfigurationMethod(ConfigInvoker.java:385)
at org.testng.internal.ConfigInvoker.invokeConfigurations(ConfigInvoker.java:321)
at org.testng.internal.TestMethodWorker.invokeBeforeClassMethods(TestMethodWorker.java:176)
at org.testng.internal.TestMethodWorker.run(TestMethodWorker.java:122)
at java.base/java.util.ArrayList.forEach(ArrayList.java:1511)
at org.testng.TestRunner.privateRun(TestRunner.java:794)
at org.testng.TestRunner.run(TestRunner.java:596)
at org.testng.SuiteRunner.runTest(SuiteRunner.java:377)
at org.testng.SuiteRunner.access$000(SuiteRunner.java:28)
at org.testng.SuiteRunner$SuiteWorker.run(SuiteRunner.java:418)
at org.testng.internal.thread.ThreadUtil.lambda$execute$0(ThreadUtil.java:64)
at java.base/java.util.concurrent.FutureTask.run(FutureTask.java:264)
at java.base/java.util.concurrent.ThreadPoolExecutor.runWorker(ThreadPoolExecutor.java:1136)
at java.base/java.util.concurrent.ThreadPoolExecutor$Worker.run(ThreadPoolExecutor.java:635)
at java.base/java.lang.Thread.run(Thread.java:833)
]]>
            </full-stacktrace>
          </exception> <!-- java.lang.NullPointerException -->
          <reporter-output>
          </reporter-output>
        </test-method> <!-- validateProductOnProductDetails -->
        <test-method is-config="true" signature="afterMethod()[pri:0, instance:com.qa.tests.ProductTest@6dc17b83]" started-at="2022-05-29T01:41:56 UYT" name="afterMethod" finished-at="1969-12-31T21:00:00 UYT" duration-ms="-1653799316614" status="SKIP">
          <reporter-output>
          </reporter-output>
        </test-method> <!-- afterMethod -->
        <test-method is-config="true" signature="afterMethod(org.testng.ITestResult)[pri:0, instance:com.qa.tests.ProductTest@6dc17b83]" started-at="2022-05-29T01:41:56 UYT" name="afterMethod" finished-at="1969-12-31T21:00:00 UYT" duration-ms="-1653799316614" status="SKIP">
          <reporter-output>
          </reporter-output>
        </test-method> <!-- afterMethod -->
        <test-method is-config="true" signature="beforeMethod()[pri:0, instance:com.qa.tests.ProductTest@6dc17b83]" started-at="2022-05-29T01:41:56 UYT" name="beforeMethod" finished-at="1969-12-31T21:00:00 UYT" duration-ms="-1653799316615" status="SKIP">
          <reporter-output>
          </reporter-output>
        </test-method> <!-- beforeMethod -->
        <test-method is-config="true" signature="beforeMethod(java.lang.reflect.Method)[pri:0, instance:com.qa.tests.ProductTest@6dc17b83]" started-at="2022-05-29T01:41:56 UYT" name="beforeMethod" finished-at="1969-12-31T21:00:00 UYT" duration-ms="-1653799316616" status="SKIP">
          <reporter-output>
          </reporter-output>
        </test-method> <!-- beforeMethod -->
        <test-method signature="validateProductOnProductPage()[pri:0, instance:com.qa.tests.ProductTest@6dc17b83]" started-at="2022-05-29T01:41:56 UYT" name="validateProductOnProductPage" finished-at="2022-05-29T01:41:56 UYT" duration-ms="0" status="SKIP">
          <exception class="java.lang.NullPointerException">
            <message>
              <![CDATA[Cannot invoke "io.appium.java_client.InteractsWithApps.closeApp()" because "com.qa.BaseTest.driver" is null]]>
            </message>
            <full-stacktrace>
              <![CDATA[java.lang.NullPointerException: Cannot invoke "io.appium.java_client.InteractsWithApps.closeApp()" because "com.qa.BaseTest.driver" is null
at com.qa.BaseTest.closeApp(BaseTest.java:267)
at com.qa.tests.ProductTest.beforeClass(ProductTest.java:61)
at java.base/jdk.internal.reflect.DirectMethodHandleAccessor.invoke(DirectMethodHandleAccessor.java:104)
at java.base/java.lang.reflect.Method.invoke(Method.java:577)
at org.testng.internal.MethodInvocationHelper.invokeMethod(MethodInvocationHelper.java:133)
at org.testng.internal.MethodInvocationHelper.invokeMethodConsideringTimeout(MethodInvocationHelper.java:62)
at org.testng.internal.ConfigInvoker.invokeConfigurationMethod(ConfigInvoker.java:385)
at org.testng.internal.ConfigInvoker.invokeConfigurations(ConfigInvoker.java:321)
at org.testng.internal.TestMethodWorker.invokeBeforeClassMethods(TestMethodWorker.java:176)
at org.testng.internal.TestMethodWorker.run(TestMethodWorker.java:122)
at java.base/java.util.ArrayList.forEach(ArrayList.java:1511)
at org.testng.TestRunner.privateRun(TestRunner.java:794)
at org.testng.TestRunner.run(TestRunner.java:596)
at org.testng.SuiteRunner.runTest(SuiteRunner.java:377)
at org.testng.SuiteRunner.access$000(SuiteRunner.java:28)
at org.testng.SuiteRunner$SuiteWorker.run(SuiteRunner.java:418)
at org.testng.internal.thread.ThreadUtil.lambda$execute$0(ThreadUtil.java:64)
at java.base/java.util.concurrent.FutureTask.run(FutureTask.java:264)
at java.base/java.util.concurrent.ThreadPoolExecutor.runWorker(ThreadPoolExecutor.java:1136)
at java.base/java.util.concurrent.ThreadPoolExecutor$Worker.run(ThreadPoolExecutor.java:635)
at java.base/java.lang.Thread.run(Thread.java:833)
]]>
            </full-stacktrace>
          </exception> <!-- java.lang.NullPointerException -->
          <reporter-output>
          </reporter-output>
        </test-method> <!-- validateProductOnProductPage -->
        <test-method is-config="true" signature="afterMethod()[pri:0, instance:com.qa.tests.ProductTest@6dc17b83]" started-at="2022-05-29T01:41:56 UYT" name="afterMethod" finished-at="1969-12-31T21:00:00 UYT" duration-ms="-1653799316619" status="SKIP">
          <reporter-output>
          </reporter-output>
        </test-method> <!-- afterMethod -->
        <test-method is-config="true" signature="afterMethod(org.testng.ITestResult)[pri:0, instance:com.qa.tests.ProductTest@6dc17b83]" started-at="2022-05-29T01:41:56 UYT" name="afterMethod" finished-at="1969-12-31T21:00:00 UYT" duration-ms="-1653799316620" status="SKIP">
          <reporter-output>
          </reporter-output>
        </test-method> <!-- afterMethod -->
        <test-method is-config="true" signature="afterClass()[pri:0, instance:com.qa.tests.ProductTest@6dc17b83]" started-at="2022-05-29T01:41:56 UYT" name="afterClass" finished-at="1969-12-31T21:00:00 UYT" duration-ms="-1653799316621" status="SKIP">
          <reporter-output>
          </reporter-output>
        </test-method> <!-- afterClass -->
      </class> <!-- com.qa.tests.ProductTest -->
    </test> <!-- Test_clara -->
  </suite> <!-- Suite -->
</testng-results>
