<?xml version="1.0" encoding="UTF-8"?>
<testng-results ignored="4" total="10" passed="5" failed="1" skipped="0">
  <reporter-output>
    <line>
      <![CDATA[This is the sample screeshot]]>
    </line>
    <line>
      <![CDATA[<a href='C:\Users\clara.brizuela\Documents\Automation\Appium-TDDFramework\Screenshots\Android_pixel_3_\2022-05-26-11-54-08\ProductTest\validateProductOnProductPage.png'> <img src='C:\Users\clara.brizuela\Documents\Automation\Appium-TDDFramework\Screenshots\Android_pixel_3_\2022-05-26-11-54-08\ProductTest\validateProductOnProductPage.png' height='400' width='400'/> </a>]]>
    </line>
  </reporter-output>
  <suite started-at="2022-05-26T11:54:08 UYT" name="Suite" finished-at="2022-05-26T11:55:20 UYT" duration-ms="71664">
    <groups>
    </groups>
    <test started-at="2022-05-26T11:54:08 UYT" name="Test_clara" finished-at="2022-05-26T11:55:20 UYT" duration-ms="71664">
      <class name="com.qa.tests.LogoutTest">
        <test-method is-config="true" signature="beforeClass()[pri:0, instance:com.qa.tests.LogoutTest@17f9d882]" started-at="2022-05-26T11:54:43 UYT" name="beforeClass" finished-at="2022-05-26T11:54:43 UYT" duration-ms="0" status="PASS">
          <reporter-output>
          </reporter-output>
        </test-method> <!-- beforeClass -->
        <test-method is-config="true" signature="beforeMethod()[pri:0, instance:com.qa.tests.LogoutTest@17f9d882]" started-at="2022-05-26T11:54:43 UYT" name="beforeMethod" finished-at="2022-05-26T11:54:44 UYT" duration-ms="1099" status="PASS">
          <reporter-output>
          </reporter-output>
        </test-method> <!-- beforeMethod -->
        <test-method is-config="true" signature="beforeMethod(java.lang.reflect.Method)[pri:0, instance:com.qa.tests.LogoutTest@17f9d882]" started-at="2022-05-26T11:54:44 UYT" name="beforeMethod" finished-at="2022-05-26T11:54:44 UYT" duration-ms="1" status="PASS">
          <params>
            <param index="0">
              <value>
                <![CDATA[public void com.qa.tests.LogoutTest.successfulLogout()]]>
              </value>
            </param>
          </params>
          <reporter-output>
          </reporter-output>
        </test-method> <!-- beforeMethod -->
        <test-method signature="successfulLogout()[pri:0, instance:com.qa.tests.LogoutTest@17f9d882]" started-at="2022-05-26T11:54:44 UYT" name="successfulLogout" finished-at="2022-05-26T11:54:48 UYT" duration-ms="3629" status="PASS">
          <reporter-output>
          </reporter-output>
        </test-method> <!-- successfulLogout -->
        <test-method is-config="true" signature="afterMethod(org.testng.ITestResult)[pri:0, instance:com.qa.tests.LogoutTest@17f9d882]" started-at="2022-05-26T11:54:48 UYT" name="afterMethod" finished-at="2022-05-26T11:54:50 UYT" duration-ms="1668" status="PASS">
          <params>
            <param index="0">
              <value>
                <![CDATA[[TestResult name=successfulLogout status=SUCCESS method=LogoutTest.successfulLogout()[pri:0, instance:com.qa.tests.LogoutTest@17f9d882] output={null}]]]>
              </value>
            </param>
          </params>
          <reporter-output>
          </reporter-output>
        </test-method> <!-- afterMethod -->
        <test-method is-config="true" signature="afterMethod()[pri:0, instance:com.qa.tests.LogoutTest@17f9d882]" started-at="2022-05-26T11:54:48 UYT" name="afterMethod" finished-at="2022-05-26T11:54:48 UYT" duration-ms="0" status="PASS">
          <reporter-output>
          </reporter-output>
        </test-method> <!-- afterMethod -->
        <test-method is-config="true" signature="afterClass()[pri:0, instance:com.qa.tests.LogoutTest@17f9d882]" started-at="2022-05-26T11:54:50 UYT" name="afterClass" finished-at="2022-05-26T11:54:50 UYT" duration-ms="0" status="PASS">
          <reporter-output>
          </reporter-output>
        </test-method> <!-- afterClass -->
      </class> <!-- com.qa.tests.LogoutTest -->
      <class name="com.qa.tests.LoginTests">
        <test-method is-config="true" signature="beforeTest(java.lang.String,java.lang.String,java.lang.String,java.lang.String,java.lang.String,java.lang.String,java.lang.String)[pri:0, instance:com.qa.tests.LoginTests@117159c0]" started-at="2022-05-26T11:54:08 UYT" name="beforeTest" finished-at="2022-05-26T11:54:21 UYT" duration-ms="12453" status="PASS">
          <params>
            <param index="0">
              <value>
                <![CDATA[Android]]>
              </value>
            </param>
            <param index="1">
              <value>
                <![CDATA[emulator-5554]]>
              </value>
            </param>
            <param index="2">
              <value>
                <![CDATA[pixel_3]]>
              </value>
            </param>
            <param index="3">
              <value>
                <![CDATA[AndroidCurso]]>
              </value>
            </param>
            <param index="4">
              <value>
                <![CDATA[true]]>
              </value>
            </param>
            <param index="5">
              <value>
                <![CDATA[ ]]>
              </value>
            </param>
            <param index="6">
              <value>
                <![CDATA[ ]]>
              </value>
            </param>
          </params>
          <reporter-output>
          </reporter-output>
        </test-method> <!-- beforeTest -->
        <test-method is-config="true" signature="beforeClass()[pri:0, instance:com.qa.tests.LoginTests@117159c0]" started-at="2022-05-26T11:54:21 UYT" name="beforeClass" finished-at="2022-05-26T11:54:24 UYT" duration-ms="3499" status="PASS">
          <reporter-output>
          </reporter-output>
        </test-method> <!-- beforeClass -->
        <test-method is-config="true" signature="beforeMethod()[pri:0, instance:com.qa.tests.LoginTests@117159c0]" started-at="2022-05-26T11:54:24 UYT" name="beforeMethod" finished-at="2022-05-26T11:54:26 UYT" duration-ms="1215" status="PASS">
          <reporter-output>
          </reporter-output>
        </test-method> <!-- beforeMethod -->
        <test-method is-config="true" signature="beforeMethod(java.lang.reflect.Method)[pri:0, instance:com.qa.tests.LoginTests@117159c0]" started-at="2022-05-26T11:54:26 UYT" name="beforeMethod" finished-at="2022-05-26T11:54:26 UYT" duration-ms="196" status="PASS">
          <params>
            <param index="0">
              <value>
                <![CDATA[public void com.qa.tests.LoginTests.invalidPassword()]]>
              </value>
            </param>
          </params>
          <reporter-output>
          </reporter-output>
        </test-method> <!-- beforeMethod -->
        <test-method signature="invalidPassword()[pri:0, instance:com.qa.tests.LoginTests@117159c0]" started-at="2022-05-26T11:54:26 UYT" name="invalidPassword" finished-at="2022-05-26T11:54:30 UYT" duration-ms="3976" status="PASS">
          <reporter-output>
          </reporter-output>
        </test-method> <!-- invalidPassword -->
        <test-method is-config="true" signature="afterMethod(org.testng.ITestResult)[pri:0, instance:com.qa.tests.LoginTests@117159c0]" started-at="2022-05-26T11:54:30 UYT" name="afterMethod" finished-at="2022-05-26T11:54:31 UYT" duration-ms="959" status="PASS">
          <params>
            <param index="0">
              <value>
                <![CDATA[[TestResult name=invalidPassword status=SUCCESS method=LoginTests.invalidPassword()[pri:0, instance:com.qa.tests.LoginTests@117159c0] output={null}]]]>
              </value>
            </param>
          </params>
          <reporter-output>
          </reporter-output>
        </test-method> <!-- afterMethod -->
        <test-method is-config="true" signature="afterMethod()[pri:0, instance:com.qa.tests.LoginTests@117159c0]" started-at="2022-05-26T11:54:30 UYT" name="afterMethod" finished-at="2022-05-26T11:54:30 UYT" duration-ms="0" status="PASS">
          <reporter-output>
          </reporter-output>
        </test-method> <!-- afterMethod -->
        <test-method is-config="true" signature="beforeMethod()[pri:0, instance:com.qa.tests.LoginTests@117159c0]" started-at="2022-05-26T11:54:31 UYT" name="beforeMethod" finished-at="2022-05-26T11:54:32 UYT" duration-ms="1113" status="PASS">
          <reporter-output>
          </reporter-output>
        </test-method> <!-- beforeMethod -->
        <test-method is-config="true" signature="beforeMethod(java.lang.reflect.Method)[pri:0, instance:com.qa.tests.LoginTests@117159c0]" started-at="2022-05-26T11:54:32 UYT" name="beforeMethod" finished-at="2022-05-26T11:54:32 UYT" duration-ms="2" status="PASS">
          <params>
            <param index="0">
              <value>
                <![CDATA[public void com.qa.tests.LoginTests.invalidUserName()]]>
              </value>
            </param>
          </params>
          <reporter-output>
          </reporter-output>
        </test-method> <!-- beforeMethod -->
        <test-method signature="invalidUserName()[pri:0, instance:com.qa.tests.LoginTests@117159c0]" started-at="2022-05-26T11:54:32 UYT" name="invalidUserName" finished-at="2022-05-26T11:54:35 UYT" duration-ms="3164" status="PASS">
          <reporter-output>
          </reporter-output>
        </test-method> <!-- invalidUserName -->
        <test-method is-config="true" signature="afterMethod()[pri:0, instance:com.qa.tests.LoginTests@117159c0]" started-at="2022-05-26T11:54:35 UYT" name="afterMethod" finished-at="2022-05-26T11:54:35 UYT" duration-ms="1" status="PASS">
          <reporter-output>
          </reporter-output>
        </test-method> <!-- afterMethod -->
        <test-method is-config="true" signature="afterMethod(org.testng.ITestResult)[pri:0, instance:com.qa.tests.LoginTests@117159c0]" started-at="2022-05-26T11:54:35 UYT" name="afterMethod" finished-at="2022-05-26T11:54:36 UYT" duration-ms="929" status="PASS">
          <params>
            <param index="0">
              <value>
                <![CDATA[[TestResult name=invalidUserName status=SUCCESS method=LoginTests.invalidUserName()[pri:0, instance:com.qa.tests.LoginTests@117159c0] output={null}]]]>
              </value>
            </param>
          </params>
          <reporter-output>
          </reporter-output>
        </test-method> <!-- afterMethod -->
        <test-method is-config="true" signature="beforeMethod()[pri:0, instance:com.qa.tests.LoginTests@117159c0]" started-at="2022-05-26T11:54:36 UYT" name="beforeMethod" finished-at="2022-05-26T11:54:37 UYT" duration-ms="1111" status="PASS">
          <reporter-output>
          </reporter-output>
        </test-method> <!-- beforeMethod -->
        <test-method is-config="true" signature="beforeMethod(java.lang.reflect.Method)[pri:0, instance:com.qa.tests.LoginTests@117159c0]" started-at="2022-05-26T11:54:37 UYT" name="beforeMethod" finished-at="2022-05-26T11:54:37 UYT" duration-ms="1" status="PASS">
          <params>
            <param index="0">
              <value>
                <![CDATA[public void com.qa.tests.LoginTests.successfulLogin()]]>
              </value>
            </param>
          </params>
          <reporter-output>
          </reporter-output>
        </test-method> <!-- beforeMethod -->
        <test-method signature="successfulLogin()[pri:0, instance:com.qa.tests.LoginTests@117159c0]" started-at="2022-05-26T11:54:37 UYT" name="successfulLogin" finished-at="2022-05-26T11:54:41 UYT" duration-ms="4334" status="PASS">
          <reporter-output>
          </reporter-output>
        </test-method> <!-- successfulLogin -->
        <test-method is-config="true" signature="afterMethod()[pri:0, instance:com.qa.tests.LoginTests@117159c0]" started-at="2022-05-26T11:54:41 UYT" name="afterMethod" finished-at="2022-05-26T11:54:41 UYT" duration-ms="0" status="PASS">
          <reporter-output>
          </reporter-output>
        </test-method> <!-- afterMethod -->
        <test-method is-config="true" signature="afterMethod(org.testng.ITestResult)[pri:0, instance:com.qa.tests.LoginTests@117159c0]" started-at="2022-05-26T11:54:41 UYT" name="afterMethod" finished-at="2022-05-26T11:54:43 UYT" duration-ms="1723" status="PASS">
          <params>
            <param index="0">
              <value>
                <![CDATA[[TestResult name=successfulLogin status=SUCCESS method=LoginTests.successfulLogin()[pri:0, instance:com.qa.tests.LoginTests@117159c0] output={null}]]]>
              </value>
            </param>
          </params>
          <reporter-output>
          </reporter-output>
        </test-method> <!-- afterMethod -->
        <test-method is-config="true" signature="afterClass()[pri:0, instance:com.qa.tests.LoginTests@117159c0]" started-at="2022-05-26T11:54:43 UYT" name="afterClass" finished-at="2022-05-26T11:54:43 UYT" duration-ms="0" status="PASS">
          <reporter-output>
          </reporter-output>
        </test-method> <!-- afterClass -->
        <test-method is-config="true" signature="afterTest()[pri:0, instance:com.qa.tests.LoginTests@117159c0]" started-at="2022-05-26T11:55:19 UYT" name="afterTest" finished-at="2022-05-26T11:55:20 UYT" duration-ms="942" status="PASS">
          <reporter-output>
          </reporter-output>
        </test-method> <!-- afterTest -->
      </class> <!-- com.qa.tests.LoginTests -->
      <class name="com.qa.tests.ProductTest">
        <test-method is-config="true" signature="beforeClass()[pri:0, instance:com.qa.tests.ProductTest@79e4c792]" started-at="2022-05-26T11:54:50 UYT" name="beforeClass" finished-at="2022-05-26T11:54:53 UYT" duration-ms="3391" status="PASS">
          <reporter-output>
          </reporter-output>
        </test-method> <!-- beforeClass -->
        <test-method is-config="true" signature="beforeMethod()[pri:0, instance:com.qa.tests.ProductTest@79e4c792]" started-at="2022-05-26T11:54:53 UYT" name="beforeMethod" finished-at="2022-05-26T11:54:54 UYT" duration-ms="1201" status="PASS">
          <reporter-output>
          </reporter-output>
        </test-method> <!-- beforeMethod -->
        <test-method is-config="true" signature="beforeMethod(java.lang.reflect.Method)[pri:0, instance:com.qa.tests.ProductTest@79e4c792]" started-at="2022-05-26T11:54:54 UYT" name="beforeMethod" finished-at="2022-05-26T11:54:59 UYT" duration-ms="4546" status="PASS">
          <params>
            <param index="0">
              <value>
                <![CDATA[public void com.qa.tests.ProductTest.validateProductOnProductDetails()]]>
              </value>
            </param>
          </params>
          <reporter-output>
          </reporter-output>
        </test-method> <!-- beforeMethod -->
        <test-method signature="validateProductOnProductDetails()[pri:0, instance:com.qa.tests.ProductTest@79e4c792]" started-at="2022-05-26T11:54:59 UYT" name="validateProductOnProductDetails" finished-at="2022-05-26T11:55:04 UYT" duration-ms="5434" status="PASS">
          <reporter-output>
          </reporter-output>
        </test-method> <!-- validateProductOnProductDetails -->
        <test-method is-config="true" signature="afterMethod()[pri:0, instance:com.qa.tests.ProductTest@79e4c792]" started-at="2022-05-26T11:55:04 UYT" name="afterMethod" finished-at="2022-05-26T11:55:07 UYT" duration-ms="2815" status="PASS">
          <reporter-output>
          </reporter-output>
        </test-method> <!-- afterMethod -->
        <test-method is-config="true" signature="afterMethod(org.testng.ITestResult)[pri:0, instance:com.qa.tests.ProductTest@79e4c792]" started-at="2022-05-26T11:55:07 UYT" name="afterMethod" finished-at="2022-05-26T11:55:09 UYT" duration-ms="2199" status="PASS">
          <params>
            <param index="0">
              <value>
                <![CDATA[[TestResult name=validateProductOnProductDetails status=SUCCESS method=ProductTest.validateProductOnProductDetails()[pri:0, instance:com.qa.tests.ProductTest@79e4c792] output={null}]]]>
              </value>
            </param>
          </params>
          <reporter-output>
          </reporter-output>
        </test-method> <!-- afterMethod -->
        <test-method is-config="true" signature="beforeMethod()[pri:0, instance:com.qa.tests.ProductTest@79e4c792]" started-at="2022-05-26T11:55:09 UYT" name="beforeMethod" finished-at="2022-05-26T11:55:10 UYT" duration-ms="1102" status="PASS">
          <reporter-output>
          </reporter-output>
        </test-method> <!-- beforeMethod -->
        <test-method is-config="true" signature="beforeMethod(java.lang.reflect.Method)[pri:0, instance:com.qa.tests.ProductTest@79e4c792]" started-at="2022-05-26T11:55:10 UYT" name="beforeMethod" finished-at="2022-05-26T11:55:13 UYT" duration-ms="2798" status="PASS">
          <params>
            <param index="0">
              <value>
                <![CDATA[public void com.qa.tests.ProductTest.validateProductOnProductPage()]]>
              </value>
            </param>
          </params>
          <reporter-output>
          </reporter-output>
        </test-method> <!-- beforeMethod -->
        <test-method signature="validateProductOnProductPage()[pri:0, instance:com.qa.tests.ProductTest@79e4c792]" started-at="2022-05-26T11:55:13 UYT" name="validateProductOnProductPage" finished-at="2022-05-26T11:55:14 UYT" duration-ms="1310" status="FAIL">
          <exception class="java.lang.AssertionError">
            <message>
              <![CDATA[The following asserts failed:
expected [Sauce Labs Backpack] but found [Sauce Labs BackpackTest falla]]]>
            </message>
            <full-stacktrace>
              <![CDATA[java.lang.AssertionError: The following asserts failed:
expected [Sauce Labs Backpack] but found [Sauce Labs BackpackTest falla]
at org.testng.asserts.SoftAssert.assertAll(SoftAssert.java:47)
at org.testng.asserts.SoftAssert.assertAll(SoftAssert.java:31)
at com.qa.tests.ProductTest.validateProductOnProductPage(ProductTest.java:110)
at java.base/jdk.internal.reflect.NativeMethodAccessorImpl.invoke0(Native Method)
at java.base/jdk.internal.reflect.NativeMethodAccessorImpl.invoke(NativeMethodAccessorImpl.java:62)
at java.base/jdk.internal.reflect.DelegatingMethodAccessorImpl.invoke(DelegatingMethodAccessorImpl.java:43)
at java.base/java.lang.reflect.Method.invoke(Method.java:566)
at org.testng.internal.MethodInvocationHelper.invokeMethod(MethodInvocationHelper.java:133)
at org.testng.internal.TestInvoker.invokeMethod(TestInvoker.java:598)
at org.testng.internal.TestInvoker.invokeTestMethod(TestInvoker.java:173)
at org.testng.internal.MethodRunner.runInSequence(MethodRunner.java:46)
at org.testng.internal.TestInvoker$MethodInvocationAgent.invoke(TestInvoker.java:824)
at org.testng.internal.TestInvoker.invokeTestMethods(TestInvoker.java:146)
at org.testng.internal.TestMethodWorker.invokeTestMethods(TestMethodWorker.java:146)
at org.testng.internal.TestMethodWorker.run(TestMethodWorker.java:128)
at java.base/java.util.ArrayList.forEach(ArrayList.java:1541)
at org.testng.TestRunner.privateRun(TestRunner.java:794)
at org.testng.TestRunner.run(TestRunner.java:596)
at org.testng.SuiteRunner.runTest(SuiteRunner.java:377)
at org.testng.SuiteRunner.access$000(SuiteRunner.java:28)
at org.testng.SuiteRunner$SuiteWorker.run(SuiteRunner.java:418)
at org.testng.internal.thread.ThreadUtil.lambda$execute$0(ThreadUtil.java:64)
at java.base/java.util.concurrent.FutureTask.run(FutureTask.java:264)
at java.base/java.util.concurrent.ThreadPoolExecutor.runWorker(ThreadPoolExecutor.java:1128)
at java.base/java.util.concurrent.ThreadPoolExecutor$Worker.run(ThreadPoolExecutor.java:628)
at java.base/java.lang.Thread.run(Thread.java:829)
]]>
            </full-stacktrace>
          </exception> <!-- java.lang.AssertionError -->
          <reporter-output>
            <line>
              <![CDATA[This is the sample screeshot]]>
            </line>
            <line>
              <![CDATA[<a href='C:\Users\clara.brizuela\Documents\Automation\Appium-TDDFramework\Screenshots\Android_pixel_3_\2022-05-26-11-54-08\ProductTest\validateProductOnProductPage.png'> <img src='C:\Users\clara.brizuela\Documents\Automation\Appium-TDDFramework\Screenshots\Android_pixel_3_\2022-05-26-11-54-08\ProductTest\validateProductOnProductPage.png' height='400' width='400'/> </a>]]>
            </line>
          </reporter-output>
        </test-method> <!-- validateProductOnProductPage -->
        <test-method is-config="true" signature="afterMethod()[pri:0, instance:com.qa.tests.ProductTest@79e4c792]" started-at="2022-05-26T11:55:15 UYT" name="afterMethod" finished-at="2022-05-26T11:55:17 UYT" duration-ms="1999" status="PASS">
          <reporter-output>
          </reporter-output>
        </test-method> <!-- afterMethod -->
        <test-method is-config="true" signature="afterMethod(org.testng.ITestResult)[pri:0, instance:com.qa.tests.ProductTest@79e4c792]" started-at="2022-05-26T11:55:17 UYT" name="afterMethod" finished-at="2022-05-26T11:55:19 UYT" duration-ms="1987" status="PASS">
          <params>
            <param index="0">
              <value>
                <![CDATA[[TestResult name=validateProductOnProductPage status=FAILURE method=ProductTest.validateProductOnProductPage()[pri:0, instance:com.qa.tests.ProductTest@79e4c792] output=This is the sample screeshot]]]>
              </value>
            </param>
          </params>
          <reporter-output>
          </reporter-output>
        </test-method> <!-- afterMethod -->
        <test-method is-config="true" signature="afterClass()[pri:0, instance:com.qa.tests.ProductTest@79e4c792]" started-at="2022-05-26T11:55:19 UYT" name="afterClass" finished-at="2022-05-26T11:55:19 UYT" duration-ms="0" status="PASS">
          <reporter-output>
          </reporter-output>
        </test-method> <!-- afterClass -->
      </class> <!-- com.qa.tests.ProductTest -->
    </test> <!-- Test_clara -->
  </suite> <!-- Suite -->
</testng-results>
